#
# There is insufficient memory for the Java Runtime Environment to continue.
# Native memory allocation (malloc) failed to allocate 977168 bytes for Chunk::new
# Possible reasons:
#   The system is out of physical RAM or swap space
#   In 32 bit mode, the process size limit was hit
# Possible solutions:
#   Reduce memory load on the system
#   Increase physical memory or swap space
#   Check if swap backing store is full
#   Use 64 bit Java on a 64 bit OS
#   Decrease Java heap size (-Xmx/-Xms)
#   Decrease number of Java threads
#   Decrease Java thread stack sizes (-Xss)
#   Set larger code cache with -XX:ReservedCodeCacheSize=
# This output file may be truncated or incomplete.
#
#  Out of Memory Error (allocation.cpp:390), pid=1764, tid=7644
#
# JRE version: Java(TM) SE Runtime Environment (8.0_65-b17) (build 1.8.0_65-b17)
# Java VM: Java HotSpot(TM) 64-Bit Server VM (25.65-b01 mixed mode windows-amd64 compressed oops)
# Failed to write core dump. Minidumps are not enabled by default on client versions of Windows
#

---------------  T H R E A D  ---------------

Current thread (0x00000000150b0800):  JavaThread "C2 CompilerThread1" daemon [_thread_in_native, id=7644, stack(0x00000000167f0000,0x00000000168f0000)]

Stack: [0x00000000167f0000,0x00000000168f0000]
[error occurred during error reporting (printing stack bounds), id 0xc0000005]

Native frames: (J=compiled Java code, j=interpreted, Vv=VM code, C=native code)


Current CompileTask:
C2:   2862 1726       4       com.android.dx.ssa.SCCP::simulateBlock (54 bytes)


---------------  P R O C E S S  ---------------

Java Threads: ( => current thread )
  0x0000000016cfb800 JavaThread "pool-2-thread-4" [_thread_in_Java, id=13792, stack(0x00000000173f0000,0x00000000174f0000)]
  0x0000000016cd5000 JavaThread "pool-2-thread-3" [_thread_blocked, id=8500, stack(0x00000000172f0000,0x00000000173f0000)]
  0x0000000016c65800 JavaThread "pool-2-thread-2" [_thread_blocked, id=9276, stack(0x00000000171f0000,0x00000000172f0000)]
  0x0000000016cd7000 JavaThread "pool-3-thread-1" [_thread_blocked, id=6600, stack(0x00000000170f0000,0x00000000171f0000)]
  0x0000000016c44000 JavaThread "pool-2-thread-1" [_thread_blocked, id=2352, stack(0x0000000016ff0000,0x00000000170f0000)]
  0x0000000016a28000 JavaThread "Service Thread" daemon [_thread_blocked, id=11528, stack(0x0000000016df0000,0x0000000016ef0000)]
  0x00000000150c0000 JavaThread "C1 CompilerThread2" daemon [_thread_blocked, id=8904, stack(0x00000000168f0000,0x00000000169f0000)]
=>0x00000000150b0800 JavaThread "C2 CompilerThread1" daemon [_thread_in_native, id=7644, stack(0x00000000167f0000,0x00000000168f0000)]
  0x00000000150aa000 JavaThread "C2 CompilerThread0" daemon [_thread_in_native, id=3872, stack(0x00000000166f0000,0x00000000167f0000)]
  0x00000000150a8000 JavaThread "Attach Listener" daemon [_thread_blocked, id=12556, stack(0x00000000165f0000,0x00000000166f0000)]
  0x00000000150a6800 JavaThread "Signal Dispatcher" daemon [_thread_blocked, id=14328, stack(0x00000000164f0000,0x00000000165f0000)]
  0x0000000002906800 JavaThread "Finalizer" daemon [_thread_blocked, id=8768, stack(0x0000000016300000,0x0000000016400000)]
  0x00000000028fd800 JavaThread "Reference Handler" daemon [_thread_blocked, id=14840, stack(0x0000000016200000,0x0000000016300000)]
  0x0000000002812800 JavaThread "main" [_thread_in_Java, id=10720, stack(0x00000000026c0000,0x00000000027c0000)]

Other Threads:
  0x0000000015078800 VMThread [stack: 0x0000000016100000,0x0000000016200000] [id=14044]
  0x0000000016a3c800 WatcherThread [stack: 0x0000000016ef0000,0x0000000016ff0000] [id=5332]

VM state:not at safepoint (normal execution)

VM Mutex/Monitor currently owned by a thread: None

Heap:
 PSYoungGen      total 71680K, used 17886K [0x00000000eab00000, 0x00000000f3700000, 0x0000000100000000)
  eden space 66560K, 19% used [0x00000000eab00000,0x00000000eb77dce8,0x00000000eec00000)
  from space 5120K, 99% used [0x00000000eec00000,0x00000000ef0f9db8,0x00000000ef100000)
  to   space 5120K, 0% used [0x00000000f3200000,0x00000000f3200000,0x00000000f3700000)
 ParOldGen       total 87552K, used 15330K [0x00000000c0000000, 0x00000000c5580000, 0x00000000eab00000)
  object space 87552K, 17% used [0x00000000c0000000,0x00000000c0ef8910,0x00000000c5580000)
 Metaspace       used 6146K, capacity 7152K, committed 7296K, reserved 1056768K
  class space    used 588K, capacity 616K, committed 640K, reserved 1048576K

Card table byte_map: [0x0000000011da0000,0x0000000011fb0000] byte_map_base: 0x00000000117a0000

Marking Bits: (ParMarkBitMap*) 0x000000006383a5b0
 Begin Bits: [0x0000000012510000, 0x0000000013510000)
 End Bits:   [0x0000000013510000, 0x0000000014510000)

Polling page: 0x0000000000f60000

CodeCache: size=245760Kb used=6982Kb max_used=6982Kb free=238778Kb
 bounds [0x00000000029e0000, 0x00000000030c0000, 0x00000000119e0000]
 total_blobs=1967 nmethods=1704 adapters=176
 compilation: enabled

Compilation events (10 events):
Event: 2.717 Thread 0x00000000150c0000 1751       2       com.android.dx.ssa.SsaMethod$1::visitMoveInsn (17 bytes)
Event: 2.717 Thread 0x00000000150c0000 nmethod 1751 0x00000000030b50d0 code [0x00000000030b5240, 0x00000000030b5450]
Event: 2.739 Thread 0x00000000150c0000 1752       2       com.android.dx.rop.code.CstInsn::contentEquals (31 bytes)
Event: 2.739 Thread 0x00000000150c0000 nmethod 1752 0x00000000030b5610 code [0x00000000030b5780, 0x00000000030b5998]
Event: 2.741 Thread 0x00000000150c0000 1753       1       com.android.dx.cf.code.Ropper$ExceptionHandlerSetup::getLabel (5 bytes)
Event: 2.741 Thread 0x00000000150c0000 nmethod 1753 0x0000000003040c90 code [0x0000000003040de0, 0x0000000003040ef0]
Event: 2.821 Thread 0x00000000150c0000 1754       2       com.android.dx.rop.type.Type::isArray (19 bytes)
Event: 2.821 Thread 0x00000000150c0000 nmethod 1754 0x00000000030b5a90 code [0x00000000030b5c00, 0x00000000030b5e08]
Event: 2.826 Thread 0x00000000150c0000 1755   !   2       com.android.dx.dex.file.UniformListItem::getAlignment (40 bytes)
Event: 2.827 Thread 0x00000000150c0000 nmethod 1755 0x00000000030b5f90 code [0x00000000030b6120, 0x00000000030b6448]

GC Heap History (6 events):
Event: 1.395 GC heap before
{Heap before GC invocations=1 (full 0):
 PSYoungGen      total 38400K, used 33280K [0x00000000eab00000, 0x00000000ed580000, 0x0000000100000000)
  eden space 33280K, 100% used [0x00000000eab00000,0x00000000ecb80000,0x00000000ecb80000)
  from space 5120K, 0% used [0x00000000ed080000,0x00000000ed080000,0x00000000ed580000)
  to   space 5120K, 0% used [0x00000000ecb80000,0x00000000ecb80000,0x00000000ed080000)
 ParOldGen       total 87552K, used 0K [0x00000000c0000000, 0x00000000c5580000, 0x00000000eab00000)
  object space 87552K, 0% used [0x00000000c0000000,0x00000000c0000000,0x00000000c5580000)
 Metaspace       used 5915K, capacity 6960K, committed 7040K, reserved 1056768K
  class space    used 586K, capacity 616K, committed 640K, reserved 1048576K
Event: 1.414 GC heap after
Heap after GC invocations=1 (full 0):
 PSYoungGen      total 38400K, used 5107K [0x00000000eab00000, 0x00000000ef600000, 0x0000000100000000)
  eden space 33280K, 0% used [0x00000000eab00000,0x00000000eab00000,0x00000000ecb80000)
  from space 5120K, 99% used [0x00000000ecb80000,0x00000000ed07ceb8,0x00000000ed080000)
  to   space 5120K, 0% used [0x00000000ef100000,0x00000000ef100000,0x00000000ef600000)
 ParOldGen       total 87552K, used 964K [0x00000000c0000000, 0x00000000c5580000, 0x00000000eab00000)
  object space 87552K, 1% used [0x00000000c0000000,0x00000000c00f10d8,0x00000000c5580000)
 Metaspace       used 5915K, capacity 6960K, committed 7040K, reserved 1056768K
  class space    used 586K, capacity 616K, committed 640K, reserved 1048576K
}
Event: 1.752 GC heap before
{Heap before GC invocations=2 (full 0):
 PSYoungGen      total 38400K, used 38387K [0x00000000eab00000, 0x00000000ef600000, 0x0000000100000000)
  eden space 33280K, 100% used [0x00000000eab00000,0x00000000ecb80000,0x00000000ecb80000)
  from space 5120K, 99% used [0x00000000ecb80000,0x00000000ed07ceb8,0x00000000ed080000)
  to   space 5120K, 0% used [0x00000000ef100000,0x00000000ef100000,0x00000000ef600000)
 ParOldGen       total 87552K, used 964K [0x00000000c0000000, 0x00000000c5580000, 0x00000000eab00000)
  object space 87552K, 1% used [0x00000000c0000000,0x00000000c00f10d8,0x00000000c5580000)
 Metaspace       used 6060K, capacity 7088K, committed 7296K, reserved 1056768K
  class space    used 588K, capacity 616K, committed 640K, reserved 1048576K
Event: 1.778 GC heap after
Heap after GC invocations=2 (full 0):
 PSYoungGen      total 71680K, used 5110K [0x00000000eab00000, 0x00000000ef600000, 0x0000000100000000)
  eden space 66560K, 0% used [0x00000000eab00000,0x00000000eab00000,0x00000000eec00000)
  from space 5120K, 99% used [0x00000000ef100000,0x00000000ef5fd8f8,0x00000000ef600000)
  to   space 5120K, 0% used [0x00000000eec00000,0x00000000eec00000,0x00000000ef100000)
 ParOldGen       total 87552K, used 5382K [0x00000000c0000000, 0x00000000c5580000, 0x00000000eab00000)
  object space 87552K, 6% used [0x00000000c0000000,0x00000000c05419f0,0x00000000c5580000)
 Metaspace       used 6060K, capacity 7088K, committed 7296K, reserved 1056768K
  class space    used 588K, capacity 616K, committed 640K, reserved 1048576K
}
Event: 2.585 GC heap before
{Heap before GC invocations=3 (full 0):
 PSYoungGen      total 71680K, used 71670K [0x00000000eab00000, 0x00000000ef600000, 0x0000000100000000)
  eden space 66560K, 100% used [0x00000000eab00000,0x00000000eec00000,0x00000000eec00000)
  from space 5120K, 99% used [0x00000000ef100000,0x00000000ef5fd8f8,0x00000000ef600000)
  to   space 5120K, 0% used [0x00000000eec00000,0x00000000eec00000,0x00000000ef100000)
 ParOldGen       total 87552K, used 5382K [0x00000000c0000000, 0x00000000c5580000, 0x00000000eab00000)
  object space 87552K, 6% used [0x00000000c0000000,0x00000000c05419f0,0x00000000c5580000)
 Metaspace       used 6142K, capacity 7152K, committed 7296K, reserved 1056768K
  class space    used 588K, capacity 616K, committed 640K, reserved 1048576K
Event: 2.661 GC heap after
Heap after GC invocations=3 (full 0):
 PSYoungGen      total 71680K, used 5095K [0x00000000eab00000, 0x00000000f3700000, 0x0000000100000000)
  eden space 66560K, 0% used [0x00000000eab00000,0x00000000eab00000,0x00000000eec00000)
  from space 5120K, 99% used [0x00000000eec00000,0x00000000ef0f9db8,0x00000000ef100000)
  to   space 5120K, 0% used [0x00000000f3200000,0x00000000f3200000,0x00000000f3700000)
 ParOldGen       total 87552K, used 15330K [0x00000000c0000000, 0x00000000c5580000, 0x00000000eab00000)
  object space 87552K, 17% used [0x00000000c0000000,0x00000000c0ef8910,0x00000000c5580000)
 Metaspace       used 6142K, capacity 7152K, committed 7296K, reserved 1056768K
  class space    used 588K, capacity 616K, committed 640K, reserved 1048576K
}

Deoptimization events (10 events):
Event: 1.810 Thread 0x0000000016c65800 Uncommon trap: reason=bimorphic action=maybe_recompile pc=0x0000000002f3d210 method=java.util.HashMap.getNode(ILjava/lang/Object;)Ljava/util/HashMap$Node; @ 126
Event: 1.810 Thread 0x0000000016c65800 Uncommon trap: reason=class_check action=maybe_recompile pc=0x0000000002d3f29c method=java.util.HashMap.putVal(ILjava/lang/Object;Ljava/lang/Object;ZZ)Ljava/lang/Object; @ 203
Event: 1.810 Thread 0x0000000016c65800 Uncommon trap: reason=class_check action=maybe_recompile pc=0x0000000002d3f29c method=java.util.HashMap.putVal(ILjava/lang/Object;Ljava/lang/Object;ZZ)Ljava/lang/Object; @ 203
Event: 1.810 Thread 0x0000000016c65800 Uncommon trap: reason=bimorphic action=maybe_recompile pc=0x0000000002f39a64 method=java.util.HashMap.getNode(ILjava/lang/Object;)Ljava/util/HashMap$Node; @ 126
Event: 2.083 Thread 0x0000000016c44000 Uncommon trap: reason=bimorphic action=maybe_recompile pc=0x000000000305969c method=com.android.dx.cf.code.BytecodeArray.parseInstruction(ILcom/android/dx/cf/code/BytecodeArray$Visitor;)I @ 971
Event: 2.083 Thread 0x0000000016c44000 Uncommon trap: reason=bimorphic action=maybe_recompile pc=0x0000000003058f30 method=com.android.dx.cf.code.BytecodeArray.parseInstruction(ILcom/android/dx/cf/code/BytecodeArray$Visitor;)I @ 1597
Event: 2.089 Thread 0x0000000016c44000 Uncommon trap: reason=bimorphic action=maybe_recompile pc=0x000000000305969c method=com.android.dx.cf.code.BytecodeArray.parseInstruction(ILcom/android/dx/cf/code/BytecodeArray$Visitor;)I @ 971
Event: 2.698 Thread 0x0000000016cfb800 Uncommon trap: reason=unstable_if action=reinterpret pc=0x00000000030a2744 method=com.android.dx.rop.code.LocalItem.compareHandlesNulls(Lcom/android/dx/rop/cst/CstString;Lcom/android/dx/rop/cst/CstString;)I @ 14
Event: 2.698 Thread 0x0000000016cfb800 Uncommon trap: reason=unstable_if action=reinterpret pc=0x00000000030b2a88 method=com.android.dx.rop.code.LocalItem.compareHandlesNulls(Lcom/android/dx/rop/cst/CstString;Lcom/android/dx/rop/cst/CstString;)I @ 14
Event: 2.698 Thread 0x0000000016cfb800 Uncommon trap: reason=unstable_if action=reinterpret pc=0x0000000002db90f4 method=com.android.dx.rop.code.LocalItem.compareHandlesNulls(Lcom/android/dx/rop/cst/CstString;Lcom/android/dx/rop/cst/CstString;)I @ 14

Internal exceptions (7 events):
Event: 0.042 Thread 0x0000000002812800 Exception <a 'java/lang/NoSuchMethodError': Method sun.misc.Unsafe.defineClass(Ljava/lang/String;[BII)Ljava/lang/Class; name or signature does not match> (0x00000000eab0d940) thrown at [C:\workspace\8-2-build-windows-amd64-cygwin\jdk8u65\4987\hotspot\src\sH=üx“¬¥?
Event: 0.042 Thread 0x0000000002812800 Exception <a 'java/lang/NoSuchMethodError': Method sun.misc.Unsafe.prefetchRead(Ljava/lang/Object;J)V name or signature does not match> (0x00000000eab0dc28) thrown at [C:\workspace\8-2-build-windows-amd64-cygwin\jdk8u65\4987\hotspot\src\share\vm\prims\jni.ozcã±*ö?
Event: 1.385 Thread 0x0000000016c44000 Implicit null exception at 0x0000000002cb36a2 to 0x0000000002cb379a
Event: 1.489 Thread 0x0000000016c65800 Implicit null exception at 0x0000000002cb7df6 to 0x0000000002cb9671
Event: 2.698 Thread 0x0000000016cfb800 Implicit null exception at 0x00000000030a0521 to 0x00000000030a26c9
Event: 2.698 Thread 0x0000000016cfb800 Implicit null exception at 0x00000000030b149e to 0x00000000030b2a59
Event: 2.698 Thread 0x0000000016cfb800 Implicit null exception at 0x0000000002db8f25 to 0x0000000002db90e1

Events (10 events):
Event: 2.661 Executing VM operation: ParallelGCFailedAllocation done
Event: 2.698 Thread 0x0000000016cfb800 Uncommon trap: trap_request=0xffffff65 fr.pc=0x00000000030a2744
Event: 2.698 Thread 0x0000000016cfb800 DEOPT PACKING pc=0x00000000030a2744 sp=0x00000000174eeba0
Event: 2.698 Thread 0x0000000016cfb800 DEOPT UNPACKING pc=0x0000000002a2582a sp=0x00000000174ee9e0 mode 2
Event: 2.698 Thread 0x0000000016cfb800 Uncommon trap: trap_request=0xffffff65 fr.pc=0x00000000030b2a88
Event: 2.698 Thread 0x0000000016cfb800 DEOPT PACKING pc=0x00000000030b2a88 sp=0x00000000174eea90
Event: 2.698 Thread 0x0000000016cfb800 DEOPT UNPACKING pc=0x0000000002a2582a sp=0x00000000174ee878 mode 2
Event: 2.698 Thread 0x0000000016cfb800 Uncommon trap: trap_request=0xffffff65 fr.pc=0x0000000002db90f4
Event: 2.698 Thread 0x0000000016cfb800 DEOPT PACKING pc=0x0000000002db90f4 sp=0x00000000174eeca0
Event: 2.698 Thread 0x0000000016cfb800 DEOPT UNPACKING pc=0x0000000002a2582a sp=0x00000000174eebe0 mode 2


Dynamic libraries:
0x00007ff72f610000 - 0x00007ff72f647000 	C:\Program Files\Java\jdk1.8.0_65\bin\java.exe
0x00007ffd313b0000 - 0x00007ffd31581000 	C:\WINDOWS\SYSTEM32\ntdll.dll
0x00007ffd2f930000 - 0x00007ffd2f9db000 	C:\WINDOWS\System32\KERNEL32.DLL
0x00007ffd2de30000 - 0x00007ffd2e04d000 	C:\WINDOWS\System32\KERNELBASE.dll
0x00007ffd311c0000 - 0x00007ffd31262000 	C:\WINDOWS\System32\ADVAPI32.dll
0x00007ffd2ecb0000 - 0x00007ffd2ed4e000 	C:\WINDOWS\System32\msvcrt.dll
0x00007ffd2e9b0000 - 0x00007ffd2ea09000 	C:\WINDOWS\System32\sechost.dll
0x00007ffd2f690000 - 0x00007ffd2f7b1000 	C:\WINDOWS\System32\RPCRT4.dll
0x00007ffd2f050000 - 0x00007ffd2f1b5000 	C:\WINDOWS\System32\USER32.dll
0x00007ffd2db40000 - 0x00007ffd2db5e000 	C:\WINDOWS\System32\win32u.dll
0x00007ffd31270000 - 0x00007ffd312a4000 	C:\WINDOWS\System32\GDI32.dll
0x00007ffd2d9b0000 - 0x00007ffd2db32000 	C:\WINDOWS\System32\gdi32full.dll
0x00007ffd21260000 - 0x00007ffd214da000 	C:\WINDOWS\WinSxS\amd64_microsoft.windows.common-controls_6595b64144ccf1df_6.0.14393.953_none_42151e83c686086b\COMCTL32.dll
0x00007ffd2f9e0000 - 0x00007ffd2fca8000 	C:\WINDOWS\System32\combase.dll
0x00007ffd2e730000 - 0x00007ffd2e825000 	C:\WINDOWS\System32\ucrtbase.dll
0x00007ffd2e8d0000 - 0x00007ffd2e93a000 	C:\WINDOWS\System32\bcryptPrimitives.dll
0x00007ffd2f8f0000 - 0x00007ffd2f91e000 	C:\WINDOWS\System32\IMM32.DLL
0x0000000064650000 - 0x0000000064722000 	C:\Program Files\Java\jdk1.8.0_65\jre\bin\msvcr100.dll
0x0000000063030000 - 0x00000000638b9000 	C:\Program Files\Java\jdk1.8.0_65\jre\bin\server\jvm.dll
0x00007ffd2ea10000 - 0x00007ffd2ea18000 	C:\WINDOWS\System32\PSAPI.DLL
0x00007ffd20740000 - 0x00007ffd2074a000 	C:\WINDOWS\SYSTEM32\VERSION.dll
0x00007ffd0b010000 - 0x00007ffd0b019000 	C:\WINDOWS\SYSTEM32\WSOCK32.dll
0x00007ffd2b650000 - 0x00007ffd2b673000 	C:\WINDOWS\SYSTEM32\WINMM.dll
0x00007ffd2f880000 - 0x00007ffd2f8ea000 	C:\WINDOWS\System32\WS2_32.dll
0x00007ffd2b530000 - 0x00007ffd2b55b000 	C:\WINDOWS\SYSTEM32\WINMMBASE.dll
0x00007ffd2dd30000 - 0x00007ffd2dd72000 	C:\WINDOWS\System32\cfgmgr32.dll
0x0000000064da0000 - 0x0000000064daf000 	C:\Program Files\Java\jdk1.8.0_65\jre\bin\verify.dll
0x0000000064620000 - 0x0000000064649000 	C:\Program Files\Java\jdk1.8.0_65\jre\bin\java.dll
0x0000000064600000 - 0x0000000064616000 	C:\Program Files\Java\jdk1.8.0_65\jre\bin\zip.dll
0x00007ffd2fcb0000 - 0x00007ffd311b9000 	C:\WINDOWS\System32\SHELL32.dll
0x00007ffd2e050000 - 0x00007ffd2e72a000 	C:\WINDOWS\System32\windows.storage.dll
0x00007ffd2d850000 - 0x00007ffd2d89c000 	C:\WINDOWS\System32\powrprof.dll
0x00007ffd2f820000 - 0x00007ffd2f872000 	C:\WINDOWS\System32\shlwapi.dll
0x00007ffd2d840000 - 0x00007ffd2d84f000 	C:\WINDOWS\System32\kernel.appcore.dll
0x00007ffd2d900000 - 0x00007ffd2d9a9000 	C:\WINDOWS\System32\shcore.dll
0x00007ffd2d820000 - 0x00007ffd2d834000 	C:\WINDOWS\System32\profapi.dll

VM Arguments:
jvm_args: -Djava.awt.headless=true -Xmx1024M -Dfile.encoding=windows-1252 -Duser.country=US -Duser.language=en -Duser.variant 
java_command: com.android.dx.command.Main --dex --force-jumbo --num-threads=4 --multi-dex --output C:\Users\max\AndroidStudioProjects\YoutubePlayer\app\build\intermediates\transforms\dex\debug\folders\1000\10\com.android.support-design-24.2.1_213ae57cc39061353313e3ccb8db49e797ceee09 C:\Users\max\AndroidStudioProjects\YoutubePlayer\app\build\intermediates\exploded-aar\com.android.support\design\24.2.1\jars\classes.jar
java_class_path (initial): C:\Users\max\AppData\Local\Android\sdk\build-tools\24.0.2\lib\dx.jar
Launcher Type: SUN_STANDARD

Environment Variables:
PATH=C:\Program Files (x86)\NVIDIA Corporation\PhysX\Common;C:\ProgramData\Oracle\Java\javapath;c:\Program Files (x86)\Intel\iCLS Client\;c:\Program Files\Intel\iCLS Client\;C:\WINDOWS\system32;C:\WINDOWS;C:\WINDOWS\System32\Wbem;C:\WINDOWS\System32\WindowsPowerShell\v1.0\;C:\Program Files\Intel\Intel(R) Management Engine Components\DAL;C:\Program Files\Intel\Intel(R) Management Engine Components\IPT;C:\Program Files (x86)\Intel\Intel(R) Management Engine Components\DAL;C:\Program Files (x86)\Intel\Intel(R) Management Engine Components\IPT;C:\Program Files\Intel\WiFi\bin\;C:\Program Files\Common Files\Intel\WirelessCommon\;C:\Program Files (x86)\Windows Live\Shared;C:\Program Files (x86)\Skype\Phone\;C:\Program Files (x86)\PharosSystems\Core;C:\Program Files (x86)\GtkSharp\2.12\bin;C:\Program Files (x86)\Windows Kits\8.1\Windows Performance Toolkit\;C:\Program Files\Git\cmd;C:\Users\max\AppData\Local\Microsoft\WindowsApps;C:\Program Files\Intel\WiFi\bin\;C:\Program Files\Common Files\Intel\WirelessCommon\
USERNAME=max
OS=Windows_NT
PROCESSOR_IDENTIFIER=Intel64 Family 6 Model 69 Stepping 1, GenuineIntel



---------------  S Y S T E M  ---------------

OS: Windows 10.0 , 64 bit Build 14393 (10.0.14393.0)

CPU:total 4 (2 cores per cpu, 2 threads per core) family 6 model 69 stepping 1, cmov, cx8, fxsr, mmx, sse, sse2, sse3, ssse3, sse4.1, sse4.2, popcnt, avx, avx2, aes, clmul, erms, lzcnt, ht, tsc, tscinvbit, bmi1, bmi2

Memory: 4k page, physical 8291712k(1029516k free), swap 11218744k(5660k free)

vm_info: Java HotSpot(TM) 64-Bit Server VM (25.65-b01) for windows-amd64 JRE (1.8.0_65-b17), built on Oct  6 2015 16:39:20 by "java_re" with MS VC++ 10.0 (VS2010)

time: Wed Mar 22 00:36:15 2017
elapsed time: 2 seconds (0d 0h 0m 2s)

