#
# There is insufficient memory for the Java Runtime Environment to continue.
# Native memory allocation (malloc) failed to allocate 117936 bytes for Chunk::new
# Possible reasons:
#   The system is out of physical RAM or swap space
#   In 32 bit mode, the process size limit was hit
# Possible solutions:
#   Reduce memory load on the system
#   Increase physical memory or swap space
#   Check if swap backing store is full
#   Use 64 bit Java on a 64 bit OS
#   Decrease Java heap size (-Xmx/-Xms)
#   Decrease number of Java threads
#   Decrease Java thread stack sizes (-Xss)
#   Set larger code cache with -XX:ReservedCodeCacheSize=
# This output file may be truncated or incomplete.
#
#  Out of Memory Error (allocation.cpp:390), pid=6764, tid=6600
#
# JRE version: Java(TM) SE Runtime Environment (8.0_65-b17) (build 1.8.0_65-b17)
# Java VM: Java HotSpot(TM) 64-Bit Server VM (25.65-b01 mixed mode windows-amd64 compressed oops)
# Failed to write core dump. Minidumps are not enabled by default on client versions of Windows
#

---------------  T H R E A D  ---------------

Current thread (0x0000000014a11800):  JavaThread "C2 CompilerThread1" daemon [_thread_in_native, id=6600, stack(0x0000000016170000,0x0000000016270000)]

Stack: [0x0000000016170000,0x0000000016270000]
[error occurred during error reporting (printing stack bounds), id 0xc0000005]

Native frames: (J=compiled Java code, j=interpreted, Vv=VM code, C=native code)


Current CompileTask:
C2:   2100 1011       4       com.android.dx.ssa.back.LivenessAnalyzer::liveInAtStatement (55 bytes)


---------------  P R O C E S S  ---------------

Java Threads: ( => current thread )
  0x00000000164a6800 JavaThread "pool-2-thread-4" [_thread_in_Java, id=10552, stack(0x0000000016d70000,0x0000000016e70000)]
  0x00000000164a5000 JavaThread "pool-2-thread-3" [_thread_in_vm, id=6972, stack(0x0000000016c70000,0x0000000016d70000)]
  0x00000000164a0000 JavaThread "pool-2-thread-2" [_thread_blocked, id=13676, stack(0x0000000016b70000,0x0000000016c70000)]
  0x000000001649c800 JavaThread "pool-3-thread-1" [_thread_blocked, id=5396, stack(0x0000000016a70000,0x0000000016b70000)]
  0x0000000016436800 JavaThread "pool-2-thread-1" [_thread_in_vm, id=12348, stack(0x0000000016970000,0x0000000016a70000)]
  0x000000001627e800 JavaThread "Service Thread" daemon [_thread_blocked, id=5380, stack(0x0000000016770000,0x0000000016870000)]
  0x0000000016278800 JavaThread "C1 CompilerThread2" daemon [_thread_blocked, id=3196, stack(0x0000000016670000,0x0000000016770000)]
=>0x0000000014a11800 JavaThread "C2 CompilerThread1" daemon [_thread_in_native, id=6600, stack(0x0000000016170000,0x0000000016270000)]
  0x0000000014a0a800 JavaThread "C2 CompilerThread0" daemon [_thread_in_native, id=2352, stack(0x0000000016070000,0x0000000016170000)]
  0x0000000014a09000 JavaThread "Attach Listener" daemon [_thread_blocked, id=8904, stack(0x0000000015f70000,0x0000000016070000)]
  0x0000000014a07800 JavaThread "Signal Dispatcher" daemon [_thread_blocked, id=11528, stack(0x0000000015e70000,0x0000000015f70000)]
  0x0000000002331000 JavaThread "Finalizer" daemon [_thread_blocked, id=5384, stack(0x0000000015c70000,0x0000000015d70000)]
  0x000000000232e800 JavaThread "Reference Handler" daemon [_thread_blocked, id=13320, stack(0x0000000015b70000,0x0000000015c70000)]
  0x0000000000a0d800 JavaThread "main" [_thread_in_Java, id=7780, stack(0x0000000002140000,0x0000000002240000)]

Other Threads:
  0x00000000149d7800 VMThread [stack: 0x0000000015a70000,0x0000000015b70000] [id=6720]
  0x0000000016293000 WatcherThread [stack: 0x0000000016870000,0x0000000016970000] [id=3276]

VM state:not at safepoint (normal execution)

VM Mutex/Monitor currently owned by a thread: None

Heap:
 PSYoungGen      total 38400K, used 22924K [0x00000000eab00000, 0x00000000ed580000, 0x0000000100000000)
  eden space 33280K, 68% used [0x00000000eab00000,0x00000000ec163118,0x00000000ecb80000)
  from space 5120K, 0% used [0x00000000ed080000,0x00000000ed080000,0x00000000ed580000)
  to   space 5120K, 0% used [0x00000000ecb80000,0x00000000ecb80000,0x00000000ed080000)
 ParOldGen       total 87552K, used 0K [0x00000000c0000000, 0x00000000c5580000, 0x00000000eab00000)
  object space 87552K, 0% used [0x00000000c0000000,0x00000000c0000000,0x00000000c5580000)
 Metaspace       used 5875K, capacity 6832K, committed 7040K, reserved 1056768K
  class space    used 600K, capacity 616K, committed 640K, reserved 1048576K

Card table byte_map: [0x0000000011700000,0x0000000011910000] byte_map_base: 0x0000000011100000

Marking Bits: (ParMarkBitMap*) 0x000000006383a5b0
 Begin Bits: [0x0000000011e70000, 0x0000000012e70000)
 End Bits:   [0x0000000012e70000, 0x0000000013e70000)

Polling page: 0x00000000009b0000

CodeCache: size=245760Kb used=4054Kb max_used=4054Kb free=241705Kb
 bounds [0x0000000002340000, 0x0000000002740000, 0x0000000011340000]
 total_blobs=1284 nmethods=1015 adapters=182
 compilation: enabled

Compilation events (10 events):
Event: 2.093 Thread 0x0000000016278800 nmethod 1012 0x00000000027329d0 code [0x0000000002732b80, 0x00000000027330f8]
Event: 2.093 Thread 0x0000000016278800 1013       3       com.android.dx.cf.code.BasicBlocker::getBlockList (208 bytes)
Event: 2.093 Thread 0x0000000014a0a800 1014   !   4       com.android.dx.util.IntList::set (53 bytes)
Event: 2.095 Thread 0x0000000014a0a800 nmethod 1014 0x0000000002732650 code [0x00000000027327a0, 0x0000000002732898]
Event: 2.095 Thread 0x0000000016278800 nmethod 1013 0x0000000002736050 code [0x00000000027362c0, 0x00000000027374e8]
Event: 2.095 Thread 0x0000000016278800 1015       3       com.android.dx.rop.type.Prototype::getParameterFrameTypes (96 bytes)
Event: 2.097 Thread 0x0000000016278800 nmethod 1015 0x0000000002734350 code [0x00000000027345a0, 0x00000000027355b8]
Event: 2.097 Thread 0x0000000016278800 1016       3       com.android.dx.rop.code.RegisterSpecList::getType (12 bytes)
Event: 2.097 Thread 0x0000000016278800 nmethod 1016 0x00000000027389d0 code [0x0000000002738b60, 0x00000000027391b8]
Event: 2.097 Thread 0x0000000014a0a800 1017       4       com.android.dx.cf.code.LineNumberList::pcToLine (73 bytes)

GC Heap History (0 events):
No events

Deoptimization events (9 events):
Event: 1.196 Thread 0x00000000164a5000 Uncommon trap: reason=unstable_if action=reinterpret pc=0x0000000002584d08 method=java.util.HashMap.getNode(ILjava/lang/Object;)Ljava/util/HashMap$Node; @ 62
Event: 1.539 Thread 0x00000000164a5000 Uncommon trap: reason=unstable_if action=reinterpret pc=0x000000000259eab0 method=java.util.BitSet.nextSetBit(I)I @ 87
Event: 1.594 Thread 0x00000000164a6800 Uncommon trap: reason=class_check action=maybe_recompile pc=0x0000000002667bd4 method=com.android.dx.ssa.NormalSsaInsn.accept(Lcom/android/dx/ssa/SsaInsn$Visitor;)V @ 9
Event: 1.594 Thread 0x00000000164a6800 Uncommon trap: reason=class_check action=maybe_recompile pc=0x0000000002667bd4 method=com.android.dx.ssa.NormalSsaInsn.accept(Lcom/android/dx/ssa/SsaInsn$Visitor;)V @ 9
Event: 1.594 Thread 0x00000000164a6800 Uncommon trap: reason=class_check action=maybe_recompile pc=0x0000000002667bd4 method=com.android.dx.ssa.NormalSsaInsn.accept(Lcom/android/dx/ssa/SsaInsn$Visitor;)V @ 9
Event: 1.595 Thread 0x00000000164a6800 Uncommon trap: reason=class_check action=maybe_recompile pc=0x0000000002667bd4 method=com.android.dx.ssa.NormalSsaInsn.accept(Lcom/android/dx/ssa/SsaInsn$Visitor;)V @ 9
Event: 1.595 Thread 0x00000000164a6800 Uncommon trap: reason=class_check action=maybe_recompile pc=0x000000000261dc70 method=com.android.dx.ssa.NormalSsaInsn.accept(Lcom/android/dx/ssa/SsaInsn$Visitor;)V @ 9
Event: 1.948 Thread 0x00000000164a5000 Uncommon trap: reason=unstable_if action=reinterpret pc=0x0000000002648768 method=java.util.HashMap.getNode(ILjava/lang/Object;)Ljava/util/HashMap$Node; @ 129
Event: 1.948 Thread 0x00000000164a5000 Uncommon trap: reason=unstable_if action=reinterpret pc=0x00000000026f0ea0 method=java.util.HashMap.putVal(ILjava/lang/Object;Ljava/lang/Object;ZZ)Ljava/lang/Object; @ 193

Internal exceptions (2 events):
Event: 0.099 Thread 0x0000000000a0d800 Exception <a 'java/lang/NoSuchMethodError': Method sun.misc.Unsafe.defineClass(Ljava/lang/String;[BII)Ljava/lang/Class; name or signature does not match> (0x00000000eab0d960) thrown at [C:\workspace\8-2-build-windows-amd64-cygwin\jdk8u65\4987\hotspot\src\sêg≤¿Zπ?
Event: 0.099 Thread 0x0000000000a0d800 Exception <a 'java/lang/NoSuchMethodError': Method sun.misc.Unsafe.prefetchRead(Ljava/lang/Object;J)V name or signature does not match> (0x00000000eab0dc48) thrown at [C:\workspace\8-2-build-windows-amd64-cygwin\jdk8u65\4987\hotspot\src\share\vm\prims\jni.

Events (10 events):
Event: 1.964 loading class com/android/dx/cf/code/Ropper$ExceptionHandlerSetup
Event: 1.964 loading class com/android/dx/cf/code/Ropper$ExceptionHandlerSetup done
Event: 1.966 loading class java/util/HashMap$Values
Event: 1.966 loading class java/util/HashMap$Values done
Event: 1.966 loading class java/util/HashMap$ValueIterator
Event: 1.966 loading class java/util/HashMap$ValueIterator done
Event: 1.978 loading class java/util/TreeMap$EntrySet
Event: 1.979 loading class java/util/TreeMap$EntrySet done
Event: 1.979 loading class java/util/TreeMap$EntryIterator
Event: 1.979 loading class java/util/TreeMap$EntryIterator done


Dynamic libraries:
0x00007ff72f610000 - 0x00007ff72f647000 	C:\Program Files\Java\jdk1.8.0_65\bin\java.exe
0x00007ffd313b0000 - 0x00007ffd31581000 	C:\WINDOWS\SYSTEM32\ntdll.dll
0x00007ffd2f930000 - 0x00007ffd2f9db000 	C:\WINDOWS\System32\KERNEL32.DLL
0x00007ffd2de30000 - 0x00007ffd2e04d000 	C:\WINDOWS\System32\KERNELBASE.dll
0x00007ffd311c0000 - 0x00007ffd31262000 	C:\WINDOWS\System32\ADVAPI32.dll
0x00007ffd2ecb0000 - 0x00007ffd2ed4e000 	C:\WINDOWS\System32\msvcrt.dll
0x00007ffd2e9b0000 - 0x00007ffd2ea09000 	C:\WINDOWS\System32\sechost.dll
0x00007ffd2f690000 - 0x00007ffd2f7b1000 	C:\WINDOWS\System32\RPCRT4.dll
0x00007ffd2f050000 - 0x00007ffd2f1b5000 	C:\WINDOWS\System32\USER32.dll
0x00007ffd2db40000 - 0x00007ffd2db5e000 	C:\WINDOWS\System32\win32u.dll
0x00007ffd31270000 - 0x00007ffd312a4000 	C:\WINDOWS\System32\GDI32.dll
0x00007ffd2d9b0000 - 0x00007ffd2db32000 	C:\WINDOWS\System32\gdi32full.dll
0x00007ffd21260000 - 0x00007ffd214da000 	C:\WINDOWS\WinSxS\amd64_microsoft.windows.common-controls_6595b64144ccf1df_6.0.14393.953_none_42151e83c686086b\COMCTL32.dll
0x00007ffd2f9e0000 - 0x00007ffd2fca8000 	C:\WINDOWS\System32\combase.dll
0x00007ffd2e730000 - 0x00007ffd2e825000 	C:\WINDOWS\System32\ucrtbase.dll
0x00007ffd2e8d0000 - 0x00007ffd2e93a000 	C:\WINDOWS\System32\bcryptPrimitives.dll
0x00007ffd2f8f0000 - 0x00007ffd2f91e000 	C:\WINDOWS\System32\IMM32.DLL
0x0000000064650000 - 0x0000000064722000 	C:\Program Files\Java\jdk1.8.0_65\jre\bin\msvcr100.dll
0x0000000063030000 - 0x00000000638b9000 	C:\Program Files\Java\jdk1.8.0_65\jre\bin\server\jvm.dll
0x00007ffd2ea10000 - 0x00007ffd2ea18000 	C:\WINDOWS\System32\PSAPI.DLL
0x00007ffd0b010000 - 0x00007ffd0b019000 	C:\WINDOWS\SYSTEM32\WSOCK32.dll
0x00007ffd2f880000 - 0x00007ffd2f8ea000 	C:\WINDOWS\System32\WS2_32.dll
0x00007ffd2b650000 - 0x00007ffd2b673000 	C:\WINDOWS\SYSTEM32\WINMM.dll
0x00007ffd20740000 - 0x00007ffd2074a000 	C:\WINDOWS\SYSTEM32\VERSION.dll
0x00007ffd2b530000 - 0x00007ffd2b55b000 	C:\WINDOWS\SYSTEM32\WINMMBASE.dll
0x00007ffd2dd30000 - 0x00007ffd2dd72000 	C:\WINDOWS\System32\cfgmgr32.dll
0x0000000064da0000 - 0x0000000064daf000 	C:\Program Files\Java\jdk1.8.0_65\jre\bin\verify.dll
0x0000000064620000 - 0x0000000064649000 	C:\Program Files\Java\jdk1.8.0_65\jre\bin\java.dll
0x0000000064600000 - 0x0000000064616000 	C:\Program Files\Java\jdk1.8.0_65\jre\bin\zip.dll
0x00007ffd2fcb0000 - 0x00007ffd311b9000 	C:\WINDOWS\System32\SHELL32.dll
0x00007ffd2e050000 - 0x00007ffd2e72a000 	C:\WINDOWS\System32\windows.storage.dll
0x00007ffd2d850000 - 0x00007ffd2d89c000 	C:\WINDOWS\System32\powrprof.dll
0x00007ffd2f820000 - 0x00007ffd2f872000 	C:\WINDOWS\System32\shlwapi.dll
0x00007ffd2d840000 - 0x00007ffd2d84f000 	C:\WINDOWS\System32\kernel.appcore.dll
0x00007ffd2d900000 - 0x00007ffd2d9a9000 	C:\WINDOWS\System32\shcore.dll
0x00007ffd2d820000 - 0x00007ffd2d834000 	C:\WINDOWS\System32\profapi.dll

VM Arguments:
jvm_args: -Djava.awt.headless=true -Xmx1024M -Dfile.encoding=windows-1252 -Duser.country=US -Duser.language=en -Duser.variant 
java_command: com.android.dx.command.Main --dex --force-jumbo --num-threads=4 --multi-dex --output C:\Users\max\AndroidStudioProjects\YoutubePlayer\app\build\intermediates\transforms\dex\debug\folders\1000\10\com.android.support-mediarouter-v7-23.0.0_502d2f96d070a2725b3f0999a2a8daaaec810719 C:\Users\max\AndroidStudioProjects\YoutubePlayer\app\build\intermediates\exploded-aar\com.android.support\mediarouter-v7\23.0.0\jars\classes.jar
java_class_path (initial): C:\Users\max\AppData\Local\Android\sdk\build-tools\24.0.2\lib\dx.jar
Launcher Type: SUN_STANDARD

Environment Variables:
PATH=C:\Program Files (x86)\NVIDIA Corporation\PhysX\Common;C:\ProgramData\Oracle\Java\javapath;c:\Program Files (x86)\Intel\iCLS Client\;c:\Program Files\Intel\iCLS Client\;C:\WINDOWS\system32;C:\WINDOWS;C:\WINDOWS\System32\Wbem;C:\WINDOWS\System32\WindowsPowerShell\v1.0\;C:\Program Files\Intel\Intel(R) Management Engine Components\DAL;C:\Program Files\Intel\Intel(R) Management Engine Components\IPT;C:\Program Files (x86)\Intel\Intel(R) Management Engine Components\DAL;C:\Program Files (x86)\Intel\Intel(R) Management Engine Components\IPT;C:\Program Files\Intel\WiFi\bin\;C:\Program Files\Common Files\Intel\WirelessCommon\;C:\Program Files (x86)\Windows Live\Shared;C:\Program Files (x86)\Skype\Phone\;C:\Program Files (x86)\PharosSystems\Core;C:\Program Files (x86)\GtkSharp\2.12\bin;C:\Program Files (x86)\Windows Kits\8.1\Windows Performance Toolkit\;C:\Program Files\Git\cmd;C:\Users\max\AppData\Local\Microsoft\WindowsApps;C:\Program Files\Intel\WiFi\bin\;C:\Program Files\Common Files\Intel\WirelessCommon\
USERNAME=max
OS=Windows_NT
PROCESSOR_IDENTIFIER=Intel64 Family 6 Model 69 Stepping 1, GenuineIntel



---------------  S Y S T E M  ---------------

OS: Windows 10.0 , 64 bit Build 14393 (10.0.14393.0)

CPU:total 4 (2 cores per cpu, 2 threads per core) family 6 model 69 stepping 1, cmov, cx8, fxsr, mmx, sse, sse2, sse3, ssse3, sse4.1, sse4.2, popcnt, avx, avx2, aes, clmul, erms, lzcnt, ht, tsc, tscinvbit, bmi1, bmi2

Memory: 4k page, physical 8291712k(1155584k free), swap 11218744k(5160k free)

vm_info: Java HotSpot(TM) 64-Bit Server VM (25.65-b01) for windows-amd64 JRE (1.8.0_65-b17), built on Oct  6 2015 16:39:20 by "java_re" with MS VC++ 10.0 (VS2010)

time: Wed Mar 22 00:39:35 2017
elapsed time: 2 seconds (0d 0h 0m 2s)

