#
# There is insufficient memory for the Java Runtime Environment to continue.
# Native memory allocation (malloc) failed to allocate 1040 bytes for AllocateHeap
# Possible reasons:
#   The system is out of physical RAM or swap space
#   In 32 bit mode, the process size limit was hit
# Possible solutions:
#   Reduce memory load on the system
#   Increase physical memory or swap space
#   Check if swap backing store is full
#   Use 64 bit Java on a 64 bit OS
#   Decrease Java heap size (-Xmx/-Xms)
#   Decrease number of Java threads
#   Decrease Java thread stack sizes (-Xss)
#   Set larger code cache with -XX:ReservedCodeCacheSize=
# This output file may be truncated or incomplete.
#
#  Out of Memory Error (memory/allocation.inline.hpp:61), pid=5476, tid=2876
#
# JRE version: Java(TM) SE Runtime Environment (8.0_65-b17) (build 1.8.0_65-b17)
# Java VM: Java HotSpot(TM) 64-Bit Server VM (25.65-b01 mixed mode windows-amd64 compressed oops)
# Failed to write core dump. Minidumps are not enabled by default on client versions of Windows
#

---------------  T H R E A D  ---------------

Current thread (0x0000000014e3c800):  JavaThread "C1 CompilerThread2" daemon [_thread_in_vm, id=2876, stack(0x0000000016630000,0x0000000016730000)]

Stack: [0x0000000016630000,0x0000000016730000]
[error occurred during error reporting (printing stack bounds), id 0xc0000005]

Native frames: (J=compiled Java code, j=interpreted, Vv=VM code, C=native code)


Current CompileTask:
C1:   4253  959       3       com.android.dx.cf.direct.AttributeListParser::<init> (83 bytes)


---------------  P R O C E S S  ---------------

Java Threads: ( => current thread )
  0x0000000016a72000 JavaThread "pool-2-thread-4" [_thread_in_Java, id=14768, stack(0x0000000017130000,0x0000000017230000)]
  0x0000000016a71000 JavaThread "pool-2-thread-3" [_thread_in_Java, id=9296, stack(0x0000000017030000,0x0000000017130000)]
  0x0000000016a6c000 JavaThread "pool-2-thread-2" [_thread_blocked, id=7224, stack(0x0000000016f30000,0x0000000017030000)]
  0x0000000016a25800 JavaThread "pool-3-thread-1" [_thread_blocked, id=6116, stack(0x0000000016e30000,0x0000000016f30000)]
  0x0000000016a24800 JavaThread "pool-2-thread-1" [_thread_in_Java, id=3120, stack(0x0000000016d30000,0x0000000016e30000)]
  0x0000000016735800 JavaThread "Service Thread" daemon [_thread_blocked, id=15108, stack(0x0000000016b30000,0x0000000016c30000)]
=>0x0000000014e3c800 JavaThread "C1 CompilerThread2" daemon [_thread_in_vm, id=2876, stack(0x0000000016630000,0x0000000016730000)]
  0x0000000014e3a000 JavaThread "C2 CompilerThread1" daemon [_thread_blocked, id=4296, stack(0x0000000016530000,0x0000000016630000)]
  0x0000000014dd9800 JavaThread "C2 CompilerThread0" daemon [_thread_blocked, id=13624, stack(0x0000000016430000,0x0000000016530000)]
  0x0000000014dd8000 JavaThread "Attach Listener" daemon [_thread_blocked, id=2092, stack(0x0000000016330000,0x0000000016430000)]
  0x0000000014dd6800 JavaThread "Signal Dispatcher" daemon [_thread_blocked, id=9404, stack(0x0000000016230000,0x0000000016330000)]
  0x0000000002700800 JavaThread "Finalizer" daemon [_thread_blocked, id=12376, stack(0x0000000016040000,0x0000000016140000)]
  0x00000000026fd800 JavaThread "Reference Handler" daemon [_thread_blocked, id=7108, stack(0x0000000015f40000,0x0000000016040000)]
  0x0000000000dbd800 JavaThread "main" [_thread_blocked, id=4244, stack(0x0000000002510000,0x0000000002610000)]

Other Threads:
  0x0000000014da8800 VMThread [stack: 0x0000000015e40000,0x0000000015f40000] [id=11328]
  0x0000000016739800 WatcherThread [stack: 0x0000000016c30000,0x0000000016d30000] [id=9744]

VM state:not at safepoint (normal execution)

VM Mutex/Monitor currently owned by a thread:  ([mutex/lock_event])
[0x0000000000dbbd70] CodeCache_lock - owner thread: 0x0000000014e3c800
[0x0000000002610cd0] Compile_lock - owner thread: 0x0000000014e3c800
[0x0000000002611b50] MethodCompileQueue_lock - owner thread: 0x0000000014e3c800

Heap:
 PSYoungGen      total 38400K, used 24304K [0x00000000eab00000, 0x00000000ed580000, 0x0000000100000000)
  eden space 33280K, 73% used [0x00000000eab00000,0x00000000ec2bc298,0x00000000ecb80000)
  from space 5120K, 0% used [0x00000000ed080000,0x00000000ed080000,0x00000000ed580000)
  to   space 5120K, 0% used [0x00000000ecb80000,0x00000000ecb80000,0x00000000ed080000)
 ParOldGen       total 87552K, used 0K [0x00000000c0000000, 0x00000000c5580000, 0x00000000eab00000)
  object space 87552K, 0% used [0x00000000c0000000,0x00000000c0000000,0x00000000c5580000)
 Metaspace       used 5810K, capacity 6768K, committed 7040K, reserved 1056768K
  class space    used 593K, capacity 616K, committed 640K, reserved 1048576K

Card table byte_map: [0x0000000011ad0000,0x0000000011ce0000] byte_map_base: 0x00000000114d0000

Marking Bits: (ParMarkBitMap*) 0x000000006383a5b0
 Begin Bits: [0x0000000012240000, 0x0000000013240000)
 End Bits:   [0x0000000013240000, 0x0000000014240000)

Polling page: 0x00000000007f0000

CodeCache: size=245760Kb used=3787Kb max_used=3787Kb free=241972Kb
 bounds [0x0000000002710000, 0x0000000002ad0000, 0x0000000011710000]
 total_blobs=1222 nmethods=953 adapters=181
 compilation: enabled

Compilation events (10 events):
Event: 4.247 Thread 0x0000000014e3c800 nmethod 939 0x0000000002ac1290 code [0x0000000002ac1400, 0x0000000002ac15a8]
Event: 4.247 Thread 0x0000000014e3c800  951       3       java.util.TreeMap::put (247 bytes)
Event: 4.248 Thread 0x0000000014e3c800 nmethod 951 0x0000000002ac1650 code [0x0000000002ac18c0, 0x0000000002ac2a98]
Event: 4.248 Thread 0x0000000014e3c800  952       3       com.android.dx.dex.file.OffsettedItem::<init> (44 bytes)
Event: 4.249 Thread 0x0000000014e3c800 nmethod 952 0x0000000002ac31d0 code [0x0000000002ac3380, 0x0000000002ac3858]
Event: 4.249 Thread 0x0000000014e3c800  940       3       java.util.ArrayDeque::pollFirst (42 bytes)
Event: 4.249 Thread 0x0000000014e3c800 nmethod 940 0x0000000002ac3a50 code [0x0000000002ac3bc0, 0x0000000002ac3ef0]
Event: 4.249 Thread 0x0000000014e3c800  953       1       com.android.dx.dex.file.DexFile::getStringIds (5 bytes)
Event: 4.249 Thread 0x0000000014e3c800 nmethod 953 0x0000000002ac4050 code [0x0000000002ac41a0, 0x0000000002ac42b0]
Event: 4.249 Thread 0x0000000014e3c800  959       3       com.android.dx.cf.direct.AttributeListParser::<init> (83 bytes)

GC Heap History (0 events):
No events

Deoptimization events (10 events):
Event: 3.487 Thread 0x0000000016a71000 Uncommon trap: reason=bimorphic action=maybe_recompile pc=0x0000000002a32ae8 method=java.util.HashMap.getNode(ILjava/lang/Object;)Ljava/util/HashMap$Node; @ 126
Event: 3.487 Thread 0x0000000016a71000 Uncommon trap: reason=bimorphic action=maybe_recompile pc=0x0000000002a32ae8 method=java.util.HashMap.getNode(ILjava/lang/Object;)Ljava/util/HashMap$Node; @ 126
Event: 3.487 Thread 0x0000000016a71000 Uncommon trap: reason=bimorphic action=maybe_recompile pc=0x0000000002a32ae8 method=java.util.HashMap.getNode(ILjava/lang/Object;)Ljava/util/HashMap$Node; @ 126
Event: 3.487 Thread 0x0000000016a71000 Uncommon trap: reason=bimorphic action=maybe_recompile pc=0x0000000002a32ae8 method=java.util.HashMap.getNode(ILjava/lang/Object;)Ljava/util/HashMap$Node; @ 126
Event: 3.487 Thread 0x0000000016a71000 Uncommon trap: reason=bimorphic action=maybe_recompile pc=0x000000000293853c method=java.util.HashMap.getNode(ILjava/lang/Object;)Ljava/util/HashMap$Node; @ 126
Event: 4.129 Thread 0x0000000016a72000 Uncommon trap: reason=class_check action=maybe_recompile pc=0x0000000002943e70 method=com.android.dx.ssa.NormalSsaInsn.accept(Lcom/android/dx/ssa/SsaInsn$Visitor;)V @ 9
Event: 4.129 Thread 0x0000000016a72000 Uncommon trap: reason=class_check action=maybe_recompile pc=0x000000000293d2f0 method=com.android.dx.ssa.NormalSsaInsn.accept(Lcom/android/dx/ssa/SsaInsn$Visitor;)V @ 9
Event: 4.129 Thread 0x0000000016a72000 Uncommon trap: reason=class_check action=maybe_recompile pc=0x000000000293d2f0 method=com.android.dx.ssa.NormalSsaInsn.accept(Lcom/android/dx/ssa/SsaInsn$Visitor;)V @ 9
Event: 4.131 Thread 0x0000000016a72000 Uncommon trap: reason=class_check action=maybe_recompile pc=0x0000000002943e70 method=com.android.dx.ssa.NormalSsaInsn.accept(Lcom/android/dx/ssa/SsaInsn$Visitor;)V @ 9
Event: 4.131 Thread 0x0000000016a72000 Uncommon trap: reason=class_check action=maybe_recompile pc=0x000000000293d2f0 method=com.android.dx.ssa.NormalSsaInsn.accept(Lcom/android/dx/ssa/SsaInsn$Visitor;)V @ 9

Internal exceptions (2 events):
Event: 0.105 Thread 0x0000000000dbd800 Exception <a 'java/lang/NoSuchMethodError': Method sun.misc.Unsafe.defineClass(Ljava/lang/String;[BII)Ljava/lang/Class; name or signature does not match> (0x00000000eab0db08) thrown at [C:\workspace\8-2-build-windows-amd64-cygwin\jdk8u65\4987\hotspot\src\sUü ïïº?
Event: 0.105 Thread 0x0000000000dbd800 Exception <a 'java/lang/NoSuchMethodError': Method sun.misc.Unsafe.prefetchRead(Ljava/lang/Object;J)V name or signature does not match> (0x00000000eab0ddf0) thrown at [C:\workspace\8-2-build-windows-amd64-cygwin\jdk8u65\4987\hotspot\src\share\vm\prims\jni.

Events (10 events):
Event: 4.131 Thread 0x0000000016a72000 DEOPT PACKING pc=0x000000000293d2f0 sp=0x000000001722e8d0
Event: 4.131 Thread 0x0000000016a72000 DEOPT UNPACKING pc=0x000000000275582a sp=0x000000001722e870 mode 2
Event: 4.138 Thread 0x0000000016a71000 DEOPT PACKING pc=0x000000000298d142 sp=0x000000001712e8d0
Event: 4.138 Thread 0x0000000016a71000 DEOPT UNPACKING pc=0x000000000275787f sp=0x000000001712e648 mode 0
Event: 4.197 Thread 0x0000000016a6c000 DEOPT PACKING pc=0x000000000298d142 sp=0x000000001702ebf0
Event: 4.197 Thread 0x0000000016a6c000 DEOPT UNPACKING pc=0x000000000275787f sp=0x000000001702e968 mode 0
Event: 4.208 Thread 0x0000000016a71000 DEOPT PACKING pc=0x000000000298d142 sp=0x000000001712e8d0
Event: 4.208 Thread 0x0000000016a71000 DEOPT UNPACKING pc=0x000000000275787f sp=0x000000001712e648 mode 0
Event: 4.240 loading class com/android/dx/cf/attrib/AttDeprecated
Event: 4.240 loading class com/android/dx/cf/attrib/AttDeprecated done


Dynamic libraries:
0x00007ff72f610000 - 0x00007ff72f647000 	C:\Program Files\Java\jdk1.8.0_65\bin\java.exe
0x00007ffd313b0000 - 0x00007ffd31581000 	C:\WINDOWS\SYSTEM32\ntdll.dll
0x00007ffd2f930000 - 0x00007ffd2f9db000 	C:\WINDOWS\System32\KERNEL32.DLL
0x00007ffd2de30000 - 0x00007ffd2e04d000 	C:\WINDOWS\System32\KERNELBASE.dll
0x00007ffd311c0000 - 0x00007ffd31262000 	C:\WINDOWS\System32\ADVAPI32.dll
0x00007ffd2ecb0000 - 0x00007ffd2ed4e000 	C:\WINDOWS\System32\msvcrt.dll
0x00007ffd2e9b0000 - 0x00007ffd2ea09000 	C:\WINDOWS\System32\sechost.dll
0x00007ffd2f690000 - 0x00007ffd2f7b1000 	C:\WINDOWS\System32\RPCRT4.dll
0x00007ffd2f050000 - 0x00007ffd2f1b5000 	C:\WINDOWS\System32\USER32.dll
0x00007ffd2db40000 - 0x00007ffd2db5e000 	C:\WINDOWS\System32\win32u.dll
0x00007ffd31270000 - 0x00007ffd312a4000 	C:\WINDOWS\System32\GDI32.dll
0x00007ffd2d9b0000 - 0x00007ffd2db32000 	C:\WINDOWS\System32\gdi32full.dll
0x00007ffd21260000 - 0x00007ffd214da000 	C:\WINDOWS\WinSxS\amd64_microsoft.windows.common-controls_6595b64144ccf1df_6.0.14393.953_none_42151e83c686086b\COMCTL32.dll
0x00007ffd2f9e0000 - 0x00007ffd2fca8000 	C:\WINDOWS\System32\combase.dll
0x00007ffd2e730000 - 0x00007ffd2e825000 	C:\WINDOWS\System32\ucrtbase.dll
0x00007ffd2e8d0000 - 0x00007ffd2e93a000 	C:\WINDOWS\System32\bcryptPrimitives.dll
0x00007ffd2f8f0000 - 0x00007ffd2f91e000 	C:\WINDOWS\System32\IMM32.DLL
0x0000000064650000 - 0x0000000064722000 	C:\Program Files\Java\jdk1.8.0_65\jre\bin\msvcr100.dll
0x0000000063030000 - 0x00000000638b9000 	C:\Program Files\Java\jdk1.8.0_65\jre\bin\server\jvm.dll
0x00007ffd2ea10000 - 0x00007ffd2ea18000 	C:\WINDOWS\System32\PSAPI.DLL
0x00007ffd0b010000 - 0x00007ffd0b019000 	C:\WINDOWS\SYSTEM32\WSOCK32.dll
0x00007ffd2f880000 - 0x00007ffd2f8ea000 	C:\WINDOWS\System32\WS2_32.dll
0x00007ffd2b650000 - 0x00007ffd2b673000 	C:\WINDOWS\SYSTEM32\WINMM.dll
0x00007ffd20740000 - 0x00007ffd2074a000 	C:\WINDOWS\SYSTEM32\VERSION.dll
0x00007ffd2b530000 - 0x00007ffd2b55b000 	C:\WINDOWS\SYSTEM32\WINMMBASE.dll
0x00007ffd2dd30000 - 0x00007ffd2dd72000 	C:\WINDOWS\System32\cfgmgr32.dll
0x0000000064da0000 - 0x0000000064daf000 	C:\Program Files\Java\jdk1.8.0_65\jre\bin\verify.dll
0x0000000064620000 - 0x0000000064649000 	C:\Program Files\Java\jdk1.8.0_65\jre\bin\java.dll
0x0000000064600000 - 0x0000000064616000 	C:\Program Files\Java\jdk1.8.0_65\jre\bin\zip.dll
0x00007ffd2fcb0000 - 0x00007ffd311b9000 	C:\WINDOWS\System32\SHELL32.dll
0x00007ffd2e050000 - 0x00007ffd2e72a000 	C:\WINDOWS\System32\windows.storage.dll
0x00007ffd2d850000 - 0x00007ffd2d89c000 	C:\WINDOWS\System32\powrprof.dll
0x00007ffd2f820000 - 0x00007ffd2f872000 	C:\WINDOWS\System32\shlwapi.dll
0x00007ffd2d840000 - 0x00007ffd2d84f000 	C:\WINDOWS\System32\kernel.appcore.dll
0x00007ffd2d900000 - 0x00007ffd2d9a9000 	C:\WINDOWS\System32\shcore.dll
0x00007ffd2d820000 - 0x00007ffd2d834000 	C:\WINDOWS\System32\profapi.dll

VM Arguments:
jvm_args: -Djava.awt.headless=true -Xmx1024M -Dfile.encoding=windows-1252 -Duser.country=US -Duser.language=en -Duser.variant 
java_command: com.android.dx.command.Main --dex --force-jumbo --num-threads=4 --multi-dex --output C:\Users\max\AndroidStudioProjects\YoutubePlayer\app\build\intermediates\transforms\dex\debug\folders\1000\10\com.google.android.gms-play-services-wearable-9.4.0_c8898b0ae79aefeadd0b0baf2ffe8498b63a9423 C:\Users\max\AndroidStudioProjects\YoutubePlayer\app\build\intermediates\exploded-aar\com.google.android.gms\play-services-wearable\9.4.0\jars\classes.jar
java_class_path (initial): C:\Users\max\AppData\Local\Android\sdk\build-tools\24.0.2\lib\dx.jar
Launcher Type: SUN_STANDARD

Environment Variables:
PATH=C:\Program Files (x86)\NVIDIA Corporation\PhysX\Common;C:\ProgramData\Oracle\Java\javapath;c:\Program Files (x86)\Intel\iCLS Client\;c:\Program Files\Intel\iCLS Client\;C:\WINDOWS\system32;C:\WINDOWS;C:\WINDOWS\System32\Wbem;C:\WINDOWS\System32\WindowsPowerShell\v1.0\;C:\Program Files\Intel\Intel(R) Management Engine Components\DAL;C:\Program Files\Intel\Intel(R) Management Engine Components\IPT;C:\Program Files (x86)\Intel\Intel(R) Management Engine Components\DAL;C:\Program Files (x86)\Intel\Intel(R) Management Engine Components\IPT;C:\Program Files\Intel\WiFi\bin\;C:\Program Files\Common Files\Intel\WirelessCommon\;C:\Program Files (x86)\Windows Live\Shared;C:\Program Files (x86)\Skype\Phone\;C:\Program Files (x86)\PharosSystems\Core;C:\Program Files (x86)\GtkSharp\2.12\bin;C:\Program Files (x86)\Windows Kits\8.1\Windows Performance Toolkit\;C:\Program Files\Git\cmd;C:\Users\max\AppData\Local\Microsoft\WindowsApps;C:\Program Files\Intel\WiFi\bin\;C:\Program Files\Common Files\Intel\WirelessCommon\
USERNAME=max
OS=Windows_NT
PROCESSOR_IDENTIFIER=Intel64 Family 6 Model 69 Stepping 1, GenuineIntel



---------------  S Y S T E M  ---------------

OS: Windows 10.0 , 64 bit Build 14393 (10.0.14393.0)

CPU:total 4 (2 cores per cpu, 2 threads per core) family 6 model 69 stepping 1, cmov, cx8, fxsr, mmx, sse, sse2, sse3, ssse3, sse4.1, sse4.2, popcnt, avx, avx2, aes, clmul, erms, lzcnt, ht, tsc, tscinvbit, bmi1, bmi2

Memory: 4k page, physical 8291712k(1222576k free), swap 11218744k(1040k free)

vm_info: Java HotSpot(TM) 64-Bit Server VM (25.65-b01) for windows-amd64 JRE (1.8.0_65-b17), built on Oct  6 2015 16:39:20 by "java_re" with MS VC++ 10.0 (VS2010)

time: Wed Mar 22 00:39:21 2017
elapsed time: 4 seconds (0d 0h 0m 4s)

