#
# There is insufficient memory for the Java Runtime Environment to continue.
# Native memory allocation (malloc) failed to allocate 795216 bytes for Chunk::new
# Possible reasons:
#   The system is out of physical RAM or swap space
#   In 32 bit mode, the process size limit was hit
# Possible solutions:
#   Reduce memory load on the system
#   Increase physical memory or swap space
#   Check if swap backing store is full
#   Use 64 bit Java on a 64 bit OS
#   Decrease Java heap size (-Xmx/-Xms)
#   Decrease number of Java threads
#   Decrease Java thread stack sizes (-Xss)
#   Set larger code cache with -XX:ReservedCodeCacheSize=
# This output file may be truncated or incomplete.
#
#  Out of Memory Error (allocation.cpp:390), pid=9716, tid=5064
#
# JRE version: Java(TM) SE Runtime Environment (8.0_65-b17) (build 1.8.0_65-b17)
# Java VM: Java HotSpot(TM) 64-Bit Server VM (25.65-b01 mixed mode windows-amd64 compressed oops)
# Failed to write core dump. Minidumps are not enabled by default on client versions of Windows
#

---------------  T H R E A D  ---------------

Current thread (0x000000001529a000):  JavaThread "C2 CompilerThread0" daemon [_thread_in_native, id=5064, stack(0x0000000016900000,0x0000000016a00000)]

Stack: [0x0000000016900000,0x0000000016a00000]
[error occurred during error reporting (printing stack bounds), id 0xc0000005]

Native frames: (J=compiled Java code, j=interpreted, Vv=VM code, C=native code)


Current CompileTask:
C2:   1939 1289       4       com.android.dx.ssa.SCCP::simulateStmt (481 bytes)


---------------  P R O C E S S  ---------------

Java Threads: ( => current thread )
  0x0000000016f49800 JavaThread "pool-2-thread-4" [_thread_blocked, id=15272, stack(0x0000000017600000,0x0000000017700000)]
  0x0000000016f48000 JavaThread "pool-2-thread-3" [_thread_blocked, id=12948, stack(0x0000000017500000,0x0000000017600000)]
  0x0000000016f47000 JavaThread "pool-2-thread-2" [_thread_in_Java, id=2036, stack(0x0000000017400000,0x0000000017500000)]
  0x0000000016f43000 JavaThread "pool-3-thread-1" [_thread_blocked, id=9192, stack(0x0000000017300000,0x0000000017400000)]
  0x0000000016f42000 JavaThread "pool-2-thread-1" [_thread_in_Java, id=11292, stack(0x0000000017200000,0x0000000017300000)]
  0x0000000016c02800 JavaThread "Service Thread" daemon [_thread_blocked, id=14244, stack(0x0000000017000000,0x0000000017100000)]
  0x00000000152fc800 JavaThread "C1 CompilerThread2" daemon [_thread_blocked, id=1660, stack(0x0000000016b00000,0x0000000016c00000)]
  0x00000000152a1800 JavaThread "C2 CompilerThread1" daemon [_thread_in_native, id=7872, stack(0x0000000016a00000,0x0000000016b00000)]
=>0x000000001529a000 JavaThread "C2 CompilerThread0" daemon [_thread_in_native, id=5064, stack(0x0000000016900000,0x0000000016a00000)]
  0x0000000015298000 JavaThread "Attach Listener" daemon [_thread_blocked, id=12896, stack(0x0000000016800000,0x0000000016900000)]
  0x0000000015296800 JavaThread "Signal Dispatcher" daemon [_thread_blocked, id=5592, stack(0x0000000016700000,0x0000000016800000)]
  0x0000000002bc1000 JavaThread "Finalizer" daemon [_thread_blocked, id=12636, stack(0x0000000016510000,0x0000000016610000)]
  0x0000000002bbe800 JavaThread "Reference Handler" daemon [_thread_blocked, id=7208, stack(0x0000000016410000,0x0000000016510000)]
  0x0000000000d1d800 JavaThread "main" [_thread_blocked, id=12980, stack(0x0000000002930000,0x0000000002a30000)]

Other Threads:
  0x0000000015267800 VMThread [stack: 0x0000000016310000,0x0000000016410000] [id=11520]
  0x0000000016c06800 WatcherThread [stack: 0x0000000017100000,0x0000000017200000] [id=8292]

VM state:not at safepoint (normal execution)

VM Mutex/Monitor currently owned by a thread: None

Heap:
 PSYoungGen      total 38400K, used 16489K [0x00000000eab00000, 0x00000000ed580000, 0x0000000100000000)
  eden space 33280K, 34% used [0x00000000eab00000,0x00000000eb6213e8,0x00000000ecb80000)
  from space 5120K, 99% used [0x00000000ecb80000,0x00000000ed079278,0x00000000ed080000)
  to   space 5120K, 0% used [0x00000000ed080000,0x00000000ed080000,0x00000000ed580000)
 ParOldGen       total 87552K, used 924K [0x00000000c0000000, 0x00000000c5580000, 0x00000000eab00000)
  object space 87552K, 1% used [0x00000000c0000000,0x00000000c00e7148,0x00000000c5580000)
 Metaspace       used 5941K, capacity 6960K, committed 7040K, reserved 1056768K
  class space    used 588K, capacity 616K, committed 640K, reserved 1048576K

Card table byte_map: [0x0000000011f90000,0x00000000121a0000] byte_map_base: 0x0000000011990000

Marking Bits: (ParMarkBitMap*) 0x000000006383a5b0
 Begin Bits: [0x0000000012700000, 0x0000000013700000)
 End Bits:   [0x0000000013700000, 0x0000000014700000)

Polling page: 0x0000000000d00000

CodeCache: size=245760Kb used=5357Kb max_used=5357Kb free=240402Kb
 bounds [0x0000000002bd0000, 0x0000000003120000, 0x0000000011bd0000]
 total_blobs=1587 nmethods=1324 adapters=176
 compilation: enabled

Compilation events (10 events):
Event: 1.930 Thread 0x00000000152fc800 1325       3       com.android.dx.rop.cst.CstArray$List::set (7 bytes)
Event: 1.931 Thread 0x00000000152fc800 nmethod 1325 0x000000000310b350 code [0x000000000310b520, 0x000000000310bd08]
Event: 1.931 Thread 0x00000000152fc800 1326       3       com.android.dx.cf.iface.StdFieldList::get (9 bytes)
Event: 1.931 Thread 0x00000000152fc800 nmethod 1326 0x000000000310c2d0 code [0x000000000310c440, 0x000000000310c748]
Event: 1.931 Thread 0x00000000152fc800 1327       3       com.android.dx.dex.file.EncodedField::<init> (25 bytes)
Event: 1.931 Thread 0x00000000152fc800 nmethod 1327 0x000000000310c810 code [0x000000000310c9a0, 0x000000000310ccc8]
Event: 1.934 Thread 0x00000000152fc800 1329       3       com.android.dx.rop.cst.CstKnownNull::equals (5 bytes)
Event: 1.934 Thread 0x00000000152fc800 nmethod 1329 0x000000000310ce10 code [0x000000000310cf60, 0x000000000310d1b0]
Event: 1.935 Thread 0x00000000152fc800 1330       3       com.android.dx.rop.code.DexTranslationAdvice::hasConstantOperation (163 bytes)
Event: 1.936 Thread 0x00000000152fc800 nmethod 1330 0x000000000310d250 code [0x000000000310d4a0, 0x000000000310ed38]

GC Heap History (2 events):
Event: 1.802 GC heap before
{Heap before GC invocations=1 (full 0):
 PSYoungGen      total 38400K, used 33280K [0x00000000eab00000, 0x00000000ed580000, 0x0000000100000000)
  eden space 33280K, 100% used [0x00000000eab00000,0x00000000ecb80000,0x00000000ecb80000)
  from space 5120K, 0% used [0x00000000ed080000,0x00000000ed080000,0x00000000ed580000)
  to   space 5120K, 0% used [0x00000000ecb80000,0x00000000ecb80000,0x00000000ed080000)
 ParOldGen       total 87552K, used 0K [0x00000000c0000000, 0x00000000c5580000, 0x00000000eab00000)
  object space 87552K, 0% used [0x00000000c0000000,0x00000000c0000000,0x00000000c5580000)
 Metaspace       used 5877K, capacity 6896K, committed 7040K, reserved 1056768K
  class space    used 588K, capacity 616K, committed 640K, reserved 1048576K
Event: 1.829 GC heap after
Heap after GC invocations=1 (full 0):
 PSYoungGen      total 38400K, used 5092K [0x00000000eab00000, 0x00000000ed580000, 0x0000000100000000)
  eden space 33280K, 0% used [0x00000000eab00000,0x00000000eab00000,0x00000000ecb80000)
  from space 5120K, 99% used [0x00000000ecb80000,0x00000000ed079278,0x00000000ed080000)
  to   space 5120K, 0% used [0x00000000ed080000,0x00000000ed080000,0x00000000ed580000)
 ParOldGen       total 87552K, used 924K [0x00000000c0000000, 0x00000000c5580000, 0x00000000eab00000)
  object space 87552K, 1% used [0x00000000c0000000,0x00000000c00e7148,0x00000000c5580000)
 Metaspace       used 5877K, capacity 6896K, committed 7040K, reserved 1056768K
  class space    used 588K, capacity 616K, committed 640K, reserved 1048576K
}

Deoptimization events (10 events):
Event: 1.307 Thread 0x0000000016f42000 Uncommon trap: reason=class_check action=maybe_recompile pc=0x0000000002edb898 method=com.android.dx.ssa.NormalSsaInsn.accept(Lcom/android/dx/ssa/SsaInsn$Visitor;)V @ 9
Event: 1.328 Thread 0x0000000016f49800 Uncommon trap: reason=class_check action=maybe_recompile pc=0x0000000002edb898 method=com.android.dx.ssa.NormalSsaInsn.accept(Lcom/android/dx/ssa/SsaInsn$Visitor;)V @ 9
Event: 1.428 Thread 0x0000000016f42000 Uncommon trap: reason=class_check action=maybe_recompile pc=0x0000000002f6e078 method=com.android.dx.rop.type.Type.equals(Ljava/lang/Object;)Z @ 8
Event: 1.428 Thread 0x0000000016f42000 Uncommon trap: reason=unstable_if action=reinterpret pc=0x0000000002eaf7b0 method=com.android.dx.rop.code.RegisterSpec.equals(ILcom/android/dx/rop/type/TypeBearer;Lcom/android/dx/rop/code/LocalItem;)Z @ 16
Event: 1.428 Thread 0x0000000016f42000 Uncommon trap: reason=class_check action=maybe_recompile pc=0x0000000002fb365c method=com.android.dx.rop.type.Type.equals(Ljava/lang/Object;)Z @ 8
Event: 1.428 Thread 0x0000000016f42000 Uncommon trap: reason=class_check action=maybe_recompile pc=0x0000000002fb365c method=com.android.dx.rop.type.Type.equals(Ljava/lang/Object;)Z @ 8
Event: 1.428 Thread 0x0000000016f42000 Uncommon trap: reason=class_check action=maybe_recompile pc=0x0000000002fb365c method=com.android.dx.rop.type.Type.equals(Ljava/lang/Object;)Z @ 8
Event: 1.428 Thread 0x0000000016f42000 Uncommon trap: reason=class_check action=maybe_recompile pc=0x0000000002f6e078 method=com.android.dx.rop.type.Type.equals(Ljava/lang/Object;)Z @ 8
Event: 1.447 Thread 0x0000000000d1d800 Uncommon trap: reason=unstable_if action=reinterpret pc=0x0000000002fb7e2c method=com.android.dx.rop.code.RegisterSpecSet.put(Lcom/android/dx/rop/code/RegisterSpec;)V @ 77
Event: 1.475 Thread 0x0000000016f47000 Uncommon trap: reason=unstable_if action=reinterpret pc=0x0000000002fb8b80 method=java.util.HashMap.getNode(ILjava/lang/Object;)Ljava/util/HashMap$Node; @ 129

Internal exceptions (2 events):
Event: 0.102 Thread 0x0000000000d1d800 Exception <a 'java/lang/NoSuchMethodError': Method sun.misc.Unsafe.defineClass(Ljava/lang/String;[BII)Ljava/lang/Class; name or signature does not match> (0x00000000eab0d960) thrown at [C:\workspace\8-2-build-windows-amd64-cygwin\jdk8u65\4987\hotspot\src\sWö$“!º?
Event: 0.102 Thread 0x0000000000d1d800 Exception <a 'java/lang/NoSuchMethodError': Method sun.misc.Unsafe.prefetchRead(Ljava/lang/Object;J)V name or signature does not match> (0x00000000eab0dc48) thrown at [C:\workspace\8-2-build-windows-amd64-cygwin\jdk8u65\4987\hotspot\src\share\vm\prims\jni.

Events (10 events):
Event: 1.429 loading class java/util/HashMap$ValueIterator
Event: 1.429 loading class java/util/HashMap$ValueIterator done
Event: 1.447 Thread 0x0000000000d1d800 Uncommon trap: trap_request=0xffffff65 fr.pc=0x0000000002fb7e2c
Event: 1.447 Thread 0x0000000000d1d800 DEOPT PACKING pc=0x0000000002fb7e2c sp=0x0000000002a2e250
Event: 1.447 Thread 0x0000000000d1d800 DEOPT UNPACKING pc=0x0000000002c1582a sp=0x0000000002a2e1d8 mode 2
Event: 1.475 Thread 0x0000000016f47000 Uncommon trap: trap_request=0xffffff65 fr.pc=0x0000000002fb8b80
Event: 1.475 Thread 0x0000000016f47000 DEOPT PACKING pc=0x0000000002fb8b80 sp=0x00000000174fe720
Event: 1.476 Thread 0x0000000016f47000 DEOPT UNPACKING pc=0x0000000002c1582a sp=0x00000000174fe6a8 mode 2
Event: 1.695 Executing VM operation: ParallelGCFailedAllocation
Event: 1.829 Executing VM operation: ParallelGCFailedAllocation done


Dynamic libraries:
0x00007ff72f610000 - 0x00007ff72f647000 	C:\Program Files\Java\jdk1.8.0_65\bin\java.exe
0x00007ffd313b0000 - 0x00007ffd31581000 	C:\WINDOWS\SYSTEM32\ntdll.dll
0x00007ffd2f930000 - 0x00007ffd2f9db000 	C:\WINDOWS\System32\KERNEL32.DLL
0x00007ffd2de30000 - 0x00007ffd2e04d000 	C:\WINDOWS\System32\KERNELBASE.dll
0x00007ffd311c0000 - 0x00007ffd31262000 	C:\WINDOWS\System32\ADVAPI32.dll
0x00007ffd2ecb0000 - 0x00007ffd2ed4e000 	C:\WINDOWS\System32\msvcrt.dll
0x00007ffd2e9b0000 - 0x00007ffd2ea09000 	C:\WINDOWS\System32\sechost.dll
0x00007ffd2f690000 - 0x00007ffd2f7b1000 	C:\WINDOWS\System32\RPCRT4.dll
0x00007ffd2f050000 - 0x00007ffd2f1b5000 	C:\WINDOWS\System32\USER32.dll
0x00007ffd2db40000 - 0x00007ffd2db5e000 	C:\WINDOWS\System32\win32u.dll
0x00007ffd31270000 - 0x00007ffd312a4000 	C:\WINDOWS\System32\GDI32.dll
0x00007ffd2d9b0000 - 0x00007ffd2db32000 	C:\WINDOWS\System32\gdi32full.dll
0x00007ffd21260000 - 0x00007ffd214da000 	C:\WINDOWS\WinSxS\amd64_microsoft.windows.common-controls_6595b64144ccf1df_6.0.14393.953_none_42151e83c686086b\COMCTL32.dll
0x00007ffd2f9e0000 - 0x00007ffd2fca8000 	C:\WINDOWS\System32\combase.dll
0x00007ffd2e730000 - 0x00007ffd2e825000 	C:\WINDOWS\System32\ucrtbase.dll
0x00007ffd2e8d0000 - 0x00007ffd2e93a000 	C:\WINDOWS\System32\bcryptPrimitives.dll
0x00007ffd2f8f0000 - 0x00007ffd2f91e000 	C:\WINDOWS\System32\IMM32.DLL
0x0000000064650000 - 0x0000000064722000 	C:\Program Files\Java\jdk1.8.0_65\jre\bin\msvcr100.dll
0x0000000063030000 - 0x00000000638b9000 	C:\Program Files\Java\jdk1.8.0_65\jre\bin\server\jvm.dll
0x00007ffd2ea10000 - 0x00007ffd2ea18000 	C:\WINDOWS\System32\PSAPI.DLL
0x00007ffd0b010000 - 0x00007ffd0b019000 	C:\WINDOWS\SYSTEM32\WSOCK32.dll
0x00007ffd2f880000 - 0x00007ffd2f8ea000 	C:\WINDOWS\System32\WS2_32.dll
0x00007ffd2b650000 - 0x00007ffd2b673000 	C:\WINDOWS\SYSTEM32\WINMM.dll
0x00007ffd20740000 - 0x00007ffd2074a000 	C:\WINDOWS\SYSTEM32\VERSION.dll
0x00007ffd2b530000 - 0x00007ffd2b55b000 	C:\WINDOWS\SYSTEM32\WINMMBASE.dll
0x00007ffd2dd30000 - 0x00007ffd2dd72000 	C:\WINDOWS\System32\cfgmgr32.dll
0x0000000064da0000 - 0x0000000064daf000 	C:\Program Files\Java\jdk1.8.0_65\jre\bin\verify.dll
0x0000000064620000 - 0x0000000064649000 	C:\Program Files\Java\jdk1.8.0_65\jre\bin\java.dll
0x0000000064600000 - 0x0000000064616000 	C:\Program Files\Java\jdk1.8.0_65\jre\bin\zip.dll
0x00007ffd2fcb0000 - 0x00007ffd311b9000 	C:\WINDOWS\System32\SHELL32.dll
0x00007ffd2e050000 - 0x00007ffd2e72a000 	C:\WINDOWS\System32\windows.storage.dll
0x00007ffd2d850000 - 0x00007ffd2d89c000 	C:\WINDOWS\System32\powrprof.dll
0x00007ffd2f820000 - 0x00007ffd2f872000 	C:\WINDOWS\System32\shlwapi.dll
0x00007ffd2d840000 - 0x00007ffd2d84f000 	C:\WINDOWS\System32\kernel.appcore.dll
0x00007ffd2d900000 - 0x00007ffd2d9a9000 	C:\WINDOWS\System32\shcore.dll
0x00007ffd2d820000 - 0x00007ffd2d834000 	C:\WINDOWS\System32\profapi.dll

VM Arguments:
jvm_args: -Djava.awt.headless=true -Xmx1024M -Dfile.encoding=windows-1252 -Duser.country=US -Duser.language=en -Duser.variant 
java_command: com.android.dx.command.Main --dex --force-jumbo --num-threads=4 --multi-dex --output C:\Users\max\AndroidStudioProjects\YoutubePlayer\app\build\intermediates\transforms\dex\debug\folders\1000\10\com.android.support-support-compat-24.2.1_2a61e5b0544dd3ca550429b5dcfbd9b1a7770c6d C:\Users\max\AndroidStudioProjects\YoutubePlayer\app\build\intermediates\exploded-aar\com.android.support\support-compat\24.2.1\jars\classes.jar
java_class_path (initial): C:\Users\max\AppData\Local\Android\sdk\build-tools\24.0.2\lib\dx.jar
Launcher Type: SUN_STANDARD

Environment Variables:
PATH=C:\Program Files (x86)\NVIDIA Corporation\PhysX\Common;C:\ProgramData\Oracle\Java\javapath;c:\Program Files (x86)\Intel\iCLS Client\;c:\Program Files\Intel\iCLS Client\;C:\WINDOWS\system32;C:\WINDOWS;C:\WINDOWS\System32\Wbem;C:\WINDOWS\System32\WindowsPowerShell\v1.0\;C:\Program Files\Intel\Intel(R) Management Engine Components\DAL;C:\Program Files\Intel\Intel(R) Management Engine Components\IPT;C:\Program Files (x86)\Intel\Intel(R) Management Engine Components\DAL;C:\Program Files (x86)\Intel\Intel(R) Management Engine Components\IPT;C:\Program Files\Intel\WiFi\bin\;C:\Program Files\Common Files\Intel\WirelessCommon\;C:\Program Files (x86)\Windows Live\Shared;C:\Program Files (x86)\Skype\Phone\;C:\Program Files (x86)\PharosSystems\Core;C:\Program Files (x86)\GtkSharp\2.12\bin;C:\Program Files (x86)\Windows Kits\8.1\Windows Performance Toolkit\;C:\Program Files\Git\cmd;C:\Users\max\AppData\Local\Microsoft\WindowsApps;C:\Program Files\Intel\WiFi\bin\;C:\Program Files\Common Files\Intel\WirelessCommon\
USERNAME=max
OS=Windows_NT
PROCESSOR_IDENTIFIER=Intel64 Family 6 Model 69 Stepping 1, GenuineIntel



---------------  S Y S T E M  ---------------

OS: Windows 10.0 , 64 bit Build 14393 (10.0.14393.0)

CPU:total 4 (2 cores per cpu, 2 threads per core) family 6 model 69 stepping 1, cmov, cx8, fxsr, mmx, sse, sse2, sse3, ssse3, sse4.1, sse4.2, popcnt, avx, avx2, aes, clmul, erms, lzcnt, ht, tsc, tscinvbit, bmi1, bmi2

Memory: 4k page, physical 8291712k(1142532k free), swap 11218744k(5664k free)

vm_info: Java HotSpot(TM) 64-Bit Server VM (25.65-b01) for windows-amd64 JRE (1.8.0_65-b17), built on Oct  6 2015 16:39:20 by "java_re" with MS VC++ 10.0 (VS2010)

time: Wed Mar 22 00:39:32 2017
elapsed time: 1 seconds (0d 0h 0m 1s)

