#
# There is insufficient memory for the Java Runtime Environment to continue.
# Native memory allocation (malloc) failed to allocate 32744 bytes for ChunkPool::allocate
# Possible reasons:
#   The system is out of physical RAM or swap space
#   In 32 bit mode, the process size limit was hit
# Possible solutions:
#   Reduce memory load on the system
#   Increase physical memory or swap space
#   Check if swap backing store is full
#   Use 64 bit Java on a 64 bit OS
#   Decrease Java heap size (-Xmx/-Xms)
#   Decrease number of Java threads
#   Decrease Java thread stack sizes (-Xss)
#   Set larger code cache with -XX:ReservedCodeCacheSize=
# This output file may be truncated or incomplete.
#
#  Out of Memory Error (allocation.cpp:273), pid=2588, tid=12428
#
# JRE version: Java(TM) SE Runtime Environment (8.0_65-b17) (build 1.8.0_65-b17)
# Java VM: Java HotSpot(TM) 64-Bit Server VM (25.65-b01 mixed mode windows-amd64 compressed oops)
# Failed to write core dump. Minidumps are not enabled by default on client versions of Windows
#

---------------  T H R E A D  ---------------

Current thread (0x0000000014edc800):  JavaThread "C1 CompilerThread2" daemon [_thread_in_native, id=12428, stack(0x00000000166d0000,0x00000000167d0000)]

Stack: [0x00000000166d0000,0x00000000167d0000]
[error occurred during error reporting (printing stack bounds), id 0xc0000005]

Native frames: (J=compiled Java code, j=interpreted, Vv=VM code, C=native code)


Current CompileTask:
C1:   1452  539   !   3       com.android.dx.cf.code.BytecodeArray::parseInstruction (2764 bytes)


---------------  P R O C E S S  ---------------

Java Threads: ( => current thread )
  0x0000000016a39000 JavaThread "pool-2-thread-4" [_thread_in_Java, id=6584, stack(0x00000000171d0000,0x00000000172d0000)]
  0x0000000016a38800 JavaThread "pool-2-thread-3" [_thread_in_vm, id=12568, stack(0x00000000170d0000,0x00000000171d0000)]
  0x0000000016a5f000 JavaThread "pool-2-thread-2" [_thread_in_vm, id=10692, stack(0x0000000016fd0000,0x00000000170d0000)]
  0x0000000016a5e000 JavaThread "pool-3-thread-1" [_thread_blocked, id=9168, stack(0x0000000016ed0000,0x0000000016fd0000)]
  0x0000000016a59000 JavaThread "pool-2-thread-1" [_thread_in_Java, id=15312, stack(0x0000000016dd0000,0x0000000016ed0000)]
  0x00000000167d5800 JavaThread "Service Thread" daemon [_thread_blocked, id=748, stack(0x0000000016bd0000,0x0000000016cd0000)]
=>0x0000000014edc800 JavaThread "C1 CompilerThread2" daemon [_thread_in_native, id=12428, stack(0x00000000166d0000,0x00000000167d0000)]
  0x0000000014ed2000 JavaThread "C2 CompilerThread1" daemon [_thread_in_native, id=11436, stack(0x00000000165d0000,0x00000000166d0000)]
  0x0000000014e7a000 JavaThread "C2 CompilerThread0" daemon [_thread_in_native, id=15244, stack(0x00000000164d0000,0x00000000165d0000)]
  0x0000000014e78000 JavaThread "Attach Listener" daemon [_thread_blocked, id=5424, stack(0x00000000163d0000,0x00000000164d0000)]
  0x0000000014e76800 JavaThread "Signal Dispatcher" daemon [_thread_blocked, id=10344, stack(0x00000000162d0000,0x00000000163d0000)]
  0x00000000027a1000 JavaThread "Finalizer" daemon [_thread_blocked, id=8060, stack(0x00000000160e0000,0x00000000161e0000)]
  0x000000000279e800 JavaThread "Reference Handler" daemon [_thread_blocked, id=13748, stack(0x0000000015fe0000,0x00000000160e0000)]
  0x00000000026ad800 JavaThread "main" [_thread_in_Java, id=10316, stack(0x0000000002520000,0x0000000002620000)]

Other Threads:
  0x0000000014e47800 VMThread [stack: 0x0000000015ee0000,0x0000000015fe0000] [id=11984]
  0x00000000167e1800 WatcherThread [stack: 0x0000000016cd0000,0x0000000016dd0000] [id=6184]

VM state:not at safepoint (normal execution)

VM Mutex/Monitor currently owned by a thread:  ([mutex/lock_event])
[0x00000000026b0dd0] MethodData_lock - owner thread: 0x0000000000000000

Heap:
 PSYoungGen      total 38400K, used 16668K [0x00000000eab00000, 0x00000000ed580000, 0x0000000100000000)
  eden space 33280K, 50% used [0x00000000eab00000,0x00000000ebb47108,0x00000000ecb80000)
  from space 5120K, 0% used [0x00000000ed080000,0x00000000ed080000,0x00000000ed580000)
  to   space 5120K, 0% used [0x00000000ecb80000,0x00000000ecb80000,0x00000000ed080000)
 ParOldGen       total 87552K, used 0K [0x00000000c0000000, 0x00000000c5580000, 0x00000000eab00000)
  object space 87552K, 0% used [0x00000000c0000000,0x00000000c0000000,0x00000000c5580000)
 Metaspace       used 5494K, capacity 6448K, committed 6528K, reserved 1056768K
  class space    used 590K, capacity 616K, committed 640K, reserved 1048576K

Card table byte_map: [0x0000000011b70000,0x0000000011d80000] byte_map_base: 0x0000000011570000

Marking Bits: (ParMarkBitMap*) 0x000000006383a5b0
 Begin Bits: [0x00000000122e0000, 0x00000000132e0000)
 End Bits:   [0x00000000132e0000, 0x00000000142e0000)

Polling page: 0x0000000000d20000

CodeCache: size=245760Kb used=2285Kb max_used=2296Kb free=243474Kb
 bounds [0x00000000027b0000, 0x0000000002a20000, 0x00000000117b0000]
 total_blobs=825 nmethods=557 adapters=181
 compilation: enabled

Compilation events (10 events):
Event: 1.430 Thread 0x0000000014edc800  553       3       com.android.dx.ssa.SsaBasicBlock::getCountPhiInsns (45 bytes)
Event: 1.430 Thread 0x0000000014edc800 nmethod 553 0x00000000029e9310 code [0x00000000029e94e0, 0x00000000029e9bb8]
Event: 1.430 Thread 0x0000000014edc800  557       3       com.android.dx.rop.code.RegisterSpecList::set (7 bytes)
Event: 1.431 Thread 0x0000000014edc800 nmethod 557 0x00000000029e9f90 code [0x00000000029ea160, 0x00000000029ea948]
Event: 1.431 Thread 0x0000000014edc800  554       3       java.util.ArrayList::subList (22 bytes)
Event: 1.431 Thread 0x0000000014edc800 nmethod 554 0x00000000029eaf10 code [0x00000000029eb080, 0x00000000029eb2d8]
Event: 1.431 Thread 0x0000000014edc800  539   !   3       com.android.dx.cf.code.BytecodeArray::parseInstruction (2764 bytes)
Event: 1.435 Thread 0x0000000014ed2000  550       4       java.util.ArrayList::add (29 bytes)
Event: 1.435 Thread 0x0000000014e7a000  568       4       java.util.ArrayList::ensureExplicitCapacity (26 bytes)
Event: 1.439 Thread 0x0000000014e7a000 nmethod 568 0x00000000029ee210 code [0x00000000029ee360, 0x00000000029ee5b8]

GC Heap History (0 events):
No events

Deoptimization events (1 events):
Event: 1.428 Thread 0x0000000016a38800 Uncommon trap: reason=unstable_if action=reinterpret pc=0x00000000029ca8c4 method=java.util.HashMap.getNode(ILjava/lang/Object;)Ljava/util/HashMap$Node; @ 129

Internal exceptions (2 events):
Event: 0.135 Thread 0x00000000026ad800 Exception <a 'java/lang/NoSuchMethodError': Method sun.misc.Unsafe.defineClass(Ljava/lang/String;[BII)Ljava/lang/Class; name or signature does not match> (0x00000000eab0daf8) thrown at [C:\workspace\8-2-build-windows-amd64-cygwin\jdk8u65\4987\hotspot\src\s≥|9√ÚW¡?
Event: 0.135 Thread 0x00000000026ad800 Exception <a 'java/lang/NoSuchMethodError': Method sun.misc.Unsafe.prefetchRead(Ljava/lang/Object;J)V name or signature does not match> (0x00000000eab0dde0) thrown at [C:\workspace\8-2-build-windows-amd64-cygwin\jdk8u65\4987\hotspot\src\share\vm\prims\jni.

Events (10 events):
Event: 1.379 loading class java/util/HashMap$ValueIterator done
Event: 1.382 loading class com/android/dx/ssa/PhiInsn$Operand
Event: 1.382 loading class com/android/dx/ssa/PhiInsn$Operand done
Event: 1.384 loading class com/android/dx/ssa/back/FirstFitLocalCombiningAllocator$Multiset
Event: 1.384 loading class com/android/dx/ssa/back/FirstFitLocalCombiningAllocator$Multiset done
Event: 1.427 loading class com/android/dx/dex/file/MethodAnnotationStruct
Event: 1.427 loading class com/android/dx/dex/file/MethodAnnotationStruct done
Event: 1.428 Thread 0x0000000016a38800 Uncommon trap: trap_request=0xffffff65 fr.pc=0x00000000029ca8c4
Event: 1.428 Thread 0x0000000016a38800 DEOPT PACKING pc=0x00000000029ca8c4 sp=0x00000000171ce630
Event: 1.428 Thread 0x0000000016a38800 DEOPT UNPACKING pc=0x00000000027f582a sp=0x00000000171ce5b8 mode 2


Dynamic libraries:
0x00007ff72f610000 - 0x00007ff72f647000 	C:\Program Files\Java\jdk1.8.0_65\bin\java.exe
0x00007ffd313b0000 - 0x00007ffd31581000 	C:\WINDOWS\SYSTEM32\ntdll.dll
0x00007ffd2f930000 - 0x00007ffd2f9db000 	C:\WINDOWS\System32\KERNEL32.DLL
0x00007ffd2de30000 - 0x00007ffd2e04d000 	C:\WINDOWS\System32\KERNELBASE.dll
0x00007ffd311c0000 - 0x00007ffd31262000 	C:\WINDOWS\System32\ADVAPI32.dll
0x00007ffd2ecb0000 - 0x00007ffd2ed4e000 	C:\WINDOWS\System32\msvcrt.dll
0x00007ffd2e9b0000 - 0x00007ffd2ea09000 	C:\WINDOWS\System32\sechost.dll
0x00007ffd2f690000 - 0x00007ffd2f7b1000 	C:\WINDOWS\System32\RPCRT4.dll
0x00007ffd2f050000 - 0x00007ffd2f1b5000 	C:\WINDOWS\System32\USER32.dll
0x00007ffd2db40000 - 0x00007ffd2db5e000 	C:\WINDOWS\System32\win32u.dll
0x00007ffd31270000 - 0x00007ffd312a4000 	C:\WINDOWS\System32\GDI32.dll
0x00007ffd2d9b0000 - 0x00007ffd2db32000 	C:\WINDOWS\System32\gdi32full.dll
0x00007ffd21260000 - 0x00007ffd214da000 	C:\WINDOWS\WinSxS\amd64_microsoft.windows.common-controls_6595b64144ccf1df_6.0.14393.953_none_42151e83c686086b\COMCTL32.dll
0x00007ffd2f9e0000 - 0x00007ffd2fca8000 	C:\WINDOWS\System32\combase.dll
0x00007ffd2e730000 - 0x00007ffd2e825000 	C:\WINDOWS\System32\ucrtbase.dll
0x00007ffd2e8d0000 - 0x00007ffd2e93a000 	C:\WINDOWS\System32\bcryptPrimitives.dll
0x00007ffd2f8f0000 - 0x00007ffd2f91e000 	C:\WINDOWS\System32\IMM32.DLL
0x0000000064650000 - 0x0000000064722000 	C:\Program Files\Java\jdk1.8.0_65\jre\bin\msvcr100.dll
0x0000000063030000 - 0x00000000638b9000 	C:\Program Files\Java\jdk1.8.0_65\jre\bin\server\jvm.dll
0x00007ffd2ea10000 - 0x00007ffd2ea18000 	C:\WINDOWS\System32\PSAPI.DLL
0x00007ffd0b010000 - 0x00007ffd0b019000 	C:\WINDOWS\SYSTEM32\WSOCK32.dll
0x00007ffd2f880000 - 0x00007ffd2f8ea000 	C:\WINDOWS\System32\WS2_32.dll
0x00007ffd2b650000 - 0x00007ffd2b673000 	C:\WINDOWS\SYSTEM32\WINMM.dll
0x00007ffd20740000 - 0x00007ffd2074a000 	C:\WINDOWS\SYSTEM32\VERSION.dll
0x00007ffd2b530000 - 0x00007ffd2b55b000 	C:\WINDOWS\SYSTEM32\WINMMBASE.dll
0x00007ffd2dd30000 - 0x00007ffd2dd72000 	C:\WINDOWS\System32\cfgmgr32.dll
0x0000000064da0000 - 0x0000000064daf000 	C:\Program Files\Java\jdk1.8.0_65\jre\bin\verify.dll
0x0000000064620000 - 0x0000000064649000 	C:\Program Files\Java\jdk1.8.0_65\jre\bin\java.dll
0x0000000064600000 - 0x0000000064616000 	C:\Program Files\Java\jdk1.8.0_65\jre\bin\zip.dll
0x00007ffd2fcb0000 - 0x00007ffd311b9000 	C:\WINDOWS\System32\SHELL32.dll
0x00007ffd2e050000 - 0x00007ffd2e72a000 	C:\WINDOWS\System32\windows.storage.dll
0x00007ffd2d850000 - 0x00007ffd2d89c000 	C:\WINDOWS\System32\powrprof.dll
0x00007ffd2f820000 - 0x00007ffd2f872000 	C:\WINDOWS\System32\shlwapi.dll
0x00007ffd2d840000 - 0x00007ffd2d84f000 	C:\WINDOWS\System32\kernel.appcore.dll
0x00007ffd2d900000 - 0x00007ffd2d9a9000 	C:\WINDOWS\System32\shcore.dll
0x00007ffd2d820000 - 0x00007ffd2d834000 	C:\WINDOWS\System32\profapi.dll

VM Arguments:
jvm_args: -Djava.awt.headless=true -Xmx1024M -Dfile.encoding=windows-1252 -Duser.country=US -Duser.language=en -Duser.variant 
java_command: com.android.dx.command.Main --dex --force-jumbo --num-threads=4 --multi-dex --output C:\Users\max\AndroidStudioProjects\YoutubePlayer\app\build\intermediates\transforms\dex\debug\folders\1000\10\com.google.android.gms-play-services-maps-9.4.0_def657978772792c6953b787be1e9d5f8936eb69 C:\Users\max\AndroidStudioProjects\YoutubePlayer\app\build\intermediates\exploded-aar\com.google.android.gms\play-services-maps\9.4.0\jars\classes.jar
java_class_path (initial): C:\Users\max\AppData\Local\Android\sdk\build-tools\24.0.2\lib\dx.jar
Launcher Type: SUN_STANDARD

Environment Variables:
PATH=C:\Program Files (x86)\NVIDIA Corporation\PhysX\Common;C:\ProgramData\Oracle\Java\javapath;c:\Program Files (x86)\Intel\iCLS Client\;c:\Program Files\Intel\iCLS Client\;C:\WINDOWS\system32;C:\WINDOWS;C:\WINDOWS\System32\Wbem;C:\WINDOWS\System32\WindowsPowerShell\v1.0\;C:\Program Files\Intel\Intel(R) Management Engine Components\DAL;C:\Program Files\Intel\Intel(R) Management Engine Components\IPT;C:\Program Files (x86)\Intel\Intel(R) Management Engine Components\DAL;C:\Program Files (x86)\Intel\Intel(R) Management Engine Components\IPT;C:\Program Files\Intel\WiFi\bin\;C:\Program Files\Common Files\Intel\WirelessCommon\;C:\Program Files (x86)\Windows Live\Shared;C:\Program Files (x86)\Skype\Phone\;C:\Program Files (x86)\PharosSystems\Core;C:\Program Files (x86)\GtkSharp\2.12\bin;C:\Program Files (x86)\Windows Kits\8.1\Windows Performance Toolkit\;C:\Program Files\Git\cmd;C:\Users\max\AppData\Local\Microsoft\WindowsApps;C:\Program Files\Intel\WiFi\bin\;C:\Program Files\Common Files\Intel\WirelessCommon\
USERNAME=max
OS=Windows_NT
PROCESSOR_IDENTIFIER=Intel64 Family 6 Model 69 Stepping 1, GenuineIntel



---------------  S Y S T E M  ---------------

OS: Windows 10.0 , 64 bit Build 14393 (10.0.14393.0)

CPU:total 4 (2 cores per cpu, 2 threads per core) family 6 model 69 stepping 1, cmov, cx8, fxsr, mmx, sse, sse2, sse3, ssse3, sse4.1, sse4.2, popcnt, avx, avx2, aes, clmul, erms, lzcnt, ht, tsc, tscinvbit, bmi1, bmi2

Memory: 4k page, physical 8291712k(1327296k free), swap 11218744k(2960k free)

vm_info: Java HotSpot(TM) 64-Bit Server VM (25.65-b01) for windows-amd64 JRE (1.8.0_65-b17), built on Oct  6 2015 16:39:20 by "java_re" with MS VC++ 10.0 (VS2010)

time: Wed Mar 22 00:39:23 2017
elapsed time: 1 seconds (0d 0h 0m 1s)

