#
# There is insufficient memory for the Java Runtime Environment to continue.
# Native memory allocation (malloc) failed to allocate 32744 bytes for ChunkPool::allocate
# Possible reasons:
#   The system is out of physical RAM or swap space
#   In 32 bit mode, the process size limit was hit
# Possible solutions:
#   Reduce memory load on the system
#   Increase physical memory or swap space
#   Check if swap backing store is full
#   Use 64 bit Java on a 64 bit OS
#   Decrease Java heap size (-Xmx/-Xms)
#   Decrease number of Java threads
#   Decrease Java thread stack sizes (-Xss)
#   Set larger code cache with -XX:ReservedCodeCacheSize=
# This output file may be truncated or incomplete.
#
#  Out of Memory Error (allocation.cpp:273), pid=13788, tid=13760
#
# JRE version: Java(TM) SE Runtime Environment (8.0_65-b17) (build 1.8.0_65-b17)
# Java VM: Java HotSpot(TM) 64-Bit Server VM (25.65-b01 mixed mode windows-amd64 compressed oops)
# Failed to write core dump. Minidumps are not enabled by default on client versions of Windows
#

---------------  T H R E A D  ---------------

Current thread (0x0000000014b99800):  JavaThread "C2 CompilerThread0" daemon [_thread_in_native, id=13760, stack(0x00000000161f0000,0x00000000162f0000)]

Stack: [0x00000000161f0000,0x00000000162f0000]
[error occurred during error reporting (printing stack bounds), id 0xc0000005]

Native frames: (J=compiled Java code, j=interpreted, Vv=VM code, C=native code)


Current CompileTask:
C2:   4083 1135   !   4       com.android.dx.cf.code.BytecodeArray::parseInstruction (2764 bytes)


---------------  P R O C E S S  ---------------

Java Threads: ( => current thread )
  0x0000000016782800 JavaThread "pool-2-thread-4" [_thread_in_Java, id=10452, stack(0x0000000016ef0000,0x0000000016ff0000)]
  0x0000000016781800 JavaThread "pool-2-thread-3" [_thread_in_Java, id=13224, stack(0x0000000016df0000,0x0000000016ef0000)]
  0x00000000167e4800 JavaThread "pool-2-thread-2" [_thread_in_Java, id=13972, stack(0x0000000016cf0000,0x0000000016df0000)]
  0x00000000167e8000 JavaThread "pool-3-thread-1" [_thread_blocked, id=12852, stack(0x0000000016bf0000,0x0000000016cf0000)]
  0x00000000167e7800 JavaThread "pool-2-thread-1" [_thread_in_vm, id=8820, stack(0x0000000016af0000,0x0000000016bf0000)]
  0x00000000164f6000 JavaThread "Service Thread" daemon [_thread_blocked, id=13152, stack(0x00000000168f0000,0x00000000169f0000)]
  0x0000000014bfd000 JavaThread "C1 CompilerThread2" daemon [_thread_blocked, id=8856, stack(0x00000000163f0000,0x00000000164f0000)]
  0x0000000014bfa000 JavaThread "C2 CompilerThread1" daemon [_thread_in_native, id=5992, stack(0x00000000162f0000,0x00000000163f0000)]
=>0x0000000014b99800 JavaThread "C2 CompilerThread0" daemon [_thread_in_native, id=13760, stack(0x00000000161f0000,0x00000000162f0000)]
  0x0000000014b98000 JavaThread "Attach Listener" daemon [_thread_blocked, id=7892, stack(0x00000000160f0000,0x00000000161f0000)]
  0x0000000014b96800 JavaThread "Signal Dispatcher" daemon [_thread_blocked, id=12280, stack(0x0000000015ff0000,0x00000000160f0000)]
  0x00000000024c0800 JavaThread "Finalizer" daemon [_thread_blocked, id=1636, stack(0x0000000015e00000,0x0000000015f00000)]
  0x00000000024bd800 JavaThread "Reference Handler" daemon [_thread_blocked, id=11012, stack(0x0000000015d00000,0x0000000015e00000)]
  0x00000000022cd800 JavaThread "main" [_thread_in_Java, id=10616, stack(0x00000000022d0000,0x00000000023d0000)]

Other Threads:
  0x0000000014b68800 VMThread [stack: 0x0000000015c00000,0x0000000015d00000] [id=11184]
  0x00000000164f9800 WatcherThread [stack: 0x00000000169f0000,0x0000000016af0000] [id=11144]

VM state:not at safepoint (normal execution)

VM Mutex/Monitor currently owned by a thread: None

Heap:
 PSYoungGen      total 38400K, used 27298K [0x00000000eab00000, 0x00000000ed580000, 0x0000000100000000)
  eden space 33280K, 82% used [0x00000000eab00000,0x00000000ec5a8b80,0x00000000ecb80000)
  from space 5120K, 0% used [0x00000000ed080000,0x00000000ed080000,0x00000000ed580000)
  to   space 5120K, 0% used [0x00000000ecb80000,0x00000000ecb80000,0x00000000ed080000)
 ParOldGen       total 87552K, used 0K [0x00000000c0000000, 0x00000000c5580000, 0x00000000eab00000)
  object space 87552K, 0% used [0x00000000c0000000,0x00000000c0000000,0x00000000c5580000)
 Metaspace       used 5891K, capacity 6832K, committed 7040K, reserved 1056768K
  class space    used 592K, capacity 616K, committed 640K, reserved 1048576K

Card table byte_map: [0x0000000011890000,0x0000000011aa0000] byte_map_base: 0x0000000011290000

Marking Bits: (ParMarkBitMap*) 0x000000006383a5b0
 Begin Bits: [0x0000000012000000, 0x0000000013000000)
 End Bits:   [0x0000000013000000, 0x0000000014000000)

Polling page: 0x00000000021f0000

CodeCache: size=245760Kb used=4457Kb max_used=4457Kb free=241303Kb
 bounds [0x00000000024d0000, 0x0000000002930000, 0x00000000114d0000]
 total_blobs=1403 nmethods=1135 adapters=181
 compilation: enabled

Compilation events (10 events):
Event: 4.059 Thread 0x0000000014bfa000 nmethod 1133 0x0000000002916f90 code [0x00000000029170e0, 0x0000000002917358]
Event: 4.059 Thread 0x0000000014b99800 1135   !   4       com.android.dx.cf.code.BytecodeArray::parseInstruction (2764 bytes)
Event: 4.061 Thread 0x0000000014bfd000 nmethod 1128 0x0000000002928450 code [0x0000000002928be0, 0x000000000292cdd8]
Event: 4.061 Thread 0x0000000014bfd000 1129       3       com.android.dx.cf.attrib.BaseAttribute::<init> (24 bytes)
Event: 4.061 Thread 0x0000000014bfd000 nmethod 1129 0x0000000002918e10 code [0x0000000002918f80, 0x0000000002919248]
Event: 4.061 Thread 0x0000000014bfd000 1134       3       java.util.HashMap::<init> (8 bytes)
Event: 4.061 Thread 0x0000000014bfd000 nmethod 1134 0x0000000002918a50 code [0x0000000002918be0, 0x0000000002918d68]
Event: 4.062 Thread 0x0000000014bfd000 1136   !   3       com.android.dx.cf.code.OneLocalsArray::set (106 bytes)
Event: 4.063 Thread 0x0000000014bfa000 1137       4       com.android.dx.ssa.Dominators::eval (29 bytes)
Event: 4.063 Thread 0x0000000014bfd000 nmethod 1136 0x0000000002926d50 code [0x0000000002926fa0, 0x0000000002927dd8]

GC Heap History (0 events):
No events

Deoptimization events (2 events):
Event: 3.994 Thread 0x00000000167e7800 Uncommon trap: reason=unstable_if action=reinterpret pc=0x00000000028d0fbc method=com.android.dx.util.IntList.binarysearch(I)I @ 105
Event: 4.030 Thread 0x00000000022cd800 Uncommon trap: reason=class_check action=maybe_recompile pc=0x00000000027e3690 method=com.android.dx.ssa.NormalSsaInsn.accept(Lcom/android/dx/ssa/SsaInsn$Visitor;)V @ 9

Internal exceptions (2 events):
Event: 0.271 Thread 0x00000000022cd800 Exception <a 'java/lang/NoSuchMethodError': Method sun.misc.Unsafe.defineClass(Ljava/lang/String;[BII)Ljava/lang/Class; name or signature does not match> (0x00000000eab0d990) thrown at [C:\workspace\8-2-build-windows-amd64-cygwin\jdk8u65\4987\hotspot\src\sξα:ψ[Ρ?
Event: 0.271 Thread 0x00000000022cd800 Exception <a 'java/lang/NoSuchMethodError': Method sun.misc.Unsafe.prefetchRead(Ljava/lang/Object;J)V name or signature does not match> (0x00000000eab0dc78) thrown at [C:\workspace\8-2-build-windows-amd64-cygwin\jdk8u65\4987\hotspot\src\share\vm\prims\jni.

Events (10 events):
Event: 3.887 loading class com/android/dx/cf/code/SwitchList
Event: 3.887 loading class com/android/dx/cf/code/SwitchList done
Event: 3.975 loading class com/android/dx/dex/file/FieldAnnotationStruct
Event: 3.975 loading class com/android/dx/dex/file/FieldAnnotationStruct done
Event: 3.994 Thread 0x00000000167e7800 Uncommon trap: trap_request=0xffffff65 fr.pc=0x00000000028d0fbc
Event: 3.994 Thread 0x00000000167e7800 DEOPT PACKING pc=0x00000000028d0fbc sp=0x0000000016beec00
Event: 3.994 Thread 0x00000000167e7800 DEOPT UNPACKING pc=0x000000000251582a sp=0x0000000016beeb78 mode 2
Event: 4.030 Thread 0x00000000022cd800 Uncommon trap: trap_request=0xffffffde fr.pc=0x00000000027e3690
Event: 4.030 Thread 0x00000000022cd800 DEOPT PACKING pc=0x00000000027e3690 sp=0x00000000023ce500
Event: 4.030 Thread 0x00000000022cd800 DEOPT UNPACKING pc=0x000000000251582a sp=0x00000000023ce4c0 mode 2


Dynamic libraries:
0x00007ff72f610000 - 0x00007ff72f647000 	C:\Program Files\Java\jdk1.8.0_65\bin\java.exe
0x00007ffd313b0000 - 0x00007ffd31581000 	C:\WINDOWS\SYSTEM32\ntdll.dll
0x00007ffd2f930000 - 0x00007ffd2f9db000 	C:\WINDOWS\System32\KERNEL32.DLL
0x00007ffd2de30000 - 0x00007ffd2e04d000 	C:\WINDOWS\System32\KERNELBASE.dll
0x00007ffd311c0000 - 0x00007ffd31262000 	C:\WINDOWS\System32\ADVAPI32.dll
0x00007ffd2ecb0000 - 0x00007ffd2ed4e000 	C:\WINDOWS\System32\msvcrt.dll
0x00007ffd2e9b0000 - 0x00007ffd2ea09000 	C:\WINDOWS\System32\sechost.dll
0x00007ffd2f690000 - 0x00007ffd2f7b1000 	C:\WINDOWS\System32\RPCRT4.dll
0x00007ffd2f050000 - 0x00007ffd2f1b5000 	C:\WINDOWS\System32\USER32.dll
0x00007ffd2db40000 - 0x00007ffd2db5e000 	C:\WINDOWS\System32\win32u.dll
0x00007ffd31270000 - 0x00007ffd312a4000 	C:\WINDOWS\System32\GDI32.dll
0x00007ffd2d9b0000 - 0x00007ffd2db32000 	C:\WINDOWS\System32\gdi32full.dll
0x00007ffd21260000 - 0x00007ffd214da000 	C:\WINDOWS\WinSxS\amd64_microsoft.windows.common-controls_6595b64144ccf1df_6.0.14393.953_none_42151e83c686086b\COMCTL32.dll
0x00007ffd2f9e0000 - 0x00007ffd2fca8000 	C:\WINDOWS\System32\combase.dll
0x00007ffd2e730000 - 0x00007ffd2e825000 	C:\WINDOWS\System32\ucrtbase.dll
0x00007ffd2e8d0000 - 0x00007ffd2e93a000 	C:\WINDOWS\System32\bcryptPrimitives.dll
0x00007ffd2f8f0000 - 0x00007ffd2f91e000 	C:\WINDOWS\System32\IMM32.DLL
0x0000000064650000 - 0x0000000064722000 	C:\Program Files\Java\jdk1.8.0_65\jre\bin\msvcr100.dll
0x0000000063030000 - 0x00000000638b9000 	C:\Program Files\Java\jdk1.8.0_65\jre\bin\server\jvm.dll
0x00007ffd2ea10000 - 0x00007ffd2ea18000 	C:\WINDOWS\System32\PSAPI.DLL
0x00007ffd0b010000 - 0x00007ffd0b019000 	C:\WINDOWS\SYSTEM32\WSOCK32.dll
0x00007ffd2b650000 - 0x00007ffd2b673000 	C:\WINDOWS\SYSTEM32\WINMM.dll
0x00007ffd2f880000 - 0x00007ffd2f8ea000 	C:\WINDOWS\System32\WS2_32.dll
0x00007ffd20740000 - 0x00007ffd2074a000 	C:\WINDOWS\SYSTEM32\VERSION.dll
0x00007ffd2b530000 - 0x00007ffd2b55b000 	C:\WINDOWS\SYSTEM32\WINMMBASE.dll
0x00007ffd2dd30000 - 0x00007ffd2dd72000 	C:\WINDOWS\System32\cfgmgr32.dll
0x0000000064da0000 - 0x0000000064daf000 	C:\Program Files\Java\jdk1.8.0_65\jre\bin\verify.dll
0x0000000064620000 - 0x0000000064649000 	C:\Program Files\Java\jdk1.8.0_65\jre\bin\java.dll
0x0000000064600000 - 0x0000000064616000 	C:\Program Files\Java\jdk1.8.0_65\jre\bin\zip.dll
0x00007ffd2fcb0000 - 0x00007ffd311b9000 	C:\WINDOWS\System32\SHELL32.dll
0x00007ffd2e050000 - 0x00007ffd2e72a000 	C:\WINDOWS\System32\windows.storage.dll
0x00007ffd2d850000 - 0x00007ffd2d89c000 	C:\WINDOWS\System32\powrprof.dll
0x00007ffd2f820000 - 0x00007ffd2f872000 	C:\WINDOWS\System32\shlwapi.dll
0x00007ffd2d840000 - 0x00007ffd2d84f000 	C:\WINDOWS\System32\kernel.appcore.dll
0x00007ffd2d900000 - 0x00007ffd2d9a9000 	C:\WINDOWS\System32\shcore.dll
0x00007ffd2d820000 - 0x00007ffd2d834000 	C:\WINDOWS\System32\profapi.dll

VM Arguments:
jvm_args: -Djava.awt.headless=true -Xmx1024M -Dfile.encoding=windows-1252 -Duser.country=US -Duser.language=en -Duser.variant 
java_command: com.android.dx.command.Main --dex --force-jumbo --num-threads=4 --multi-dex --output C:\Users\max\AndroidStudioProjects\YoutubePlayer\app\build\intermediates\transforms\dex\debug\folders\1000\10\com.google.android.gms-play-services-tagmanager-9.4.0_15f15230343ef59256015730318fe481ed70eea4 C:\Users\max\AndroidStudioProjects\YoutubePlayer\app\build\intermediates\exploded-aar\com.google.android.gms\play-services-tagmanager\9.4.0\jars\classes.jar
java_class_path (initial): C:\Users\max\AppData\Local\Android\sdk\build-tools\24.0.2\lib\dx.jar
Launcher Type: SUN_STANDARD

Environment Variables:
PATH=C:\Program Files (x86)\NVIDIA Corporation\PhysX\Common;C:\ProgramData\Oracle\Java\javapath;c:\Program Files (x86)\Intel\iCLS Client\;c:\Program Files\Intel\iCLS Client\;C:\WINDOWS\system32;C:\WINDOWS;C:\WINDOWS\System32\Wbem;C:\WINDOWS\System32\WindowsPowerShell\v1.0\;C:\Program Files\Intel\Intel(R) Management Engine Components\DAL;C:\Program Files\Intel\Intel(R) Management Engine Components\IPT;C:\Program Files (x86)\Intel\Intel(R) Management Engine Components\DAL;C:\Program Files (x86)\Intel\Intel(R) Management Engine Components\IPT;C:\Program Files\Intel\WiFi\bin\;C:\Program Files\Common Files\Intel\WirelessCommon\;C:\Program Files (x86)\Windows Live\Shared;C:\Program Files (x86)\Skype\Phone\;C:\Program Files (x86)\PharosSystems\Core;C:\Program Files (x86)\GtkSharp\2.12\bin;C:\Program Files (x86)\Windows Kits\8.1\Windows Performance Toolkit\;C:\Program Files\Git\cmd;C:\Users\max\AppData\Local\Microsoft\WindowsApps;C:\Program Files\Intel\WiFi\bin\;C:\Program Files\Common Files\Intel\WirelessCommon\
USERNAME=max
OS=Windows_NT
PROCESSOR_IDENTIFIER=Intel64 Family 6 Model 69 Stepping 1, GenuineIntel



---------------  S Y S T E M  ---------------

OS: Windows 10.0 , 64 bit Build 14393 (10.0.14393.0)

CPU:total 4 (2 cores per cpu, 2 threads per core) family 6 model 69 stepping 1, cmov, cx8, fxsr, mmx, sse, sse2, sse3, ssse3, sse4.1, sse4.2, popcnt, avx, avx2, aes, clmul, erms, lzcnt, ht, tsc, tscinvbit, bmi1, bmi2

Memory: 4k page, physical 8291712k(1229976k free), swap 11218744k(2064k free)

vm_info: Java HotSpot(TM) 64-Bit Server VM (25.65-b01) for windows-amd64 JRE (1.8.0_65-b17), built on Oct  6 2015 16:39:20 by "java_re" with MS VC++ 10.0 (VS2010)

time: Wed Mar 22 00:39:21 2017
elapsed time: 4 seconds (0d 0h 0m 4s)

