#
# There is insufficient memory for the Java Runtime Environment to continue.
# Native memory allocation (malloc) failed to allocate 1087440 bytes for Chunk::new
# Possible reasons:
#   The system is out of physical RAM or swap space
#   In 32 bit mode, the process size limit was hit
# Possible solutions:
#   Reduce memory load on the system
#   Increase physical memory or swap space
#   Check if swap backing store is full
#   Use 64 bit Java on a 64 bit OS
#   Decrease Java heap size (-Xmx/-Xms)
#   Decrease number of Java threads
#   Decrease Java thread stack sizes (-Xss)
#   Set larger code cache with -XX:ReservedCodeCacheSize=
# This output file may be truncated or incomplete.
#
#  Out of Memory Error (allocation.cpp:390), pid=12452, tid=5784
#
# JRE version: Java(TM) SE Runtime Environment (8.0_65-b17) (build 1.8.0_65-b17)
# Java VM: Java HotSpot(TM) 64-Bit Server VM (25.65-b01 mixed mode windows-amd64 compressed oops)
# Failed to write core dump. Minidumps are not enabled by default on client versions of Windows
#

---------------  T H R E A D  ---------------

Current thread (0x0000000014c31800):  JavaThread "C2 CompilerThread1" daemon [_thread_in_native, id=5784, stack(0x0000000016370000,0x0000000016470000)]

Stack: [0x0000000016370000,0x0000000016470000]
[error occurred during error reporting (printing stack bounds), id 0xc0000005]

Native frames: (J=compiled Java code, j=interpreted, Vv=VM code, C=native code)


Current CompileTask:
C2:   2585 1115   !   4       com.android.dx.cf.code.BytecodeArray::parseInstruction (2764 bytes)


---------------  P R O C E S S  ---------------

Java Threads: ( => current thread )
  0x00000000166bb000 JavaThread "pool-2-thread-4" [_thread_in_Java, id=10336, stack(0x0000000016f70000,0x0000000017070000)]
  0x00000000166b5800 JavaThread "pool-2-thread-3" [_thread_in_Java, id=14664, stack(0x0000000016e70000,0x0000000016f70000)]
  0x00000000166b4800 JavaThread "pool-2-thread-2" [_thread_in_Java, id=9868, stack(0x0000000016d70000,0x0000000016e70000)]
  0x0000000016608800 JavaThread "pool-3-thread-1" [_thread_blocked, id=11876, stack(0x0000000016c70000,0x0000000016d70000)]
  0x0000000016601000 JavaThread "pool-2-thread-1" [_thread_in_vm, id=8268, stack(0x0000000016b70000,0x0000000016c70000)]
  0x000000001647e800 JavaThread "Service Thread" daemon [_thread_blocked, id=336, stack(0x0000000016970000,0x0000000016a70000)]
  0x0000000016478800 JavaThread "C1 CompilerThread2" daemon [_thread_blocked, id=11636, stack(0x0000000016870000,0x0000000016970000)]
=>0x0000000014c31800 JavaThread "C2 CompilerThread1" daemon [_thread_in_native, id=5784, stack(0x0000000016370000,0x0000000016470000)]
  0x0000000014c2a800 JavaThread "C2 CompilerThread0" daemon [_thread_in_native, id=11616, stack(0x0000000016270000,0x0000000016370000)]
  0x0000000014c29000 JavaThread "Attach Listener" daemon [_thread_blocked, id=10104, stack(0x0000000016170000,0x0000000016270000)]
  0x0000000014c27800 JavaThread "Signal Dispatcher" daemon [_thread_blocked, id=6172, stack(0x0000000016070000,0x0000000016170000)]
  0x0000000002551000 JavaThread "Finalizer" daemon [_thread_blocked, id=7308, stack(0x0000000015e80000,0x0000000015f80000)]
  0x000000000254e800 JavaThread "Reference Handler" daemon [_thread_blocked, id=5260, stack(0x0000000015d80000,0x0000000015e80000)]
  0x000000000225d800 JavaThread "main" [_thread_in_Java, id=1332, stack(0x0000000002260000,0x0000000002360000)]

Other Threads:
  0x0000000014bf7800 VMThread [stack: 0x0000000015c80000,0x0000000015d80000] [id=9320]
  0x00000000164a3800 WatcherThread [stack: 0x0000000016a70000,0x0000000016b70000] [id=8536]

VM state:not at safepoint (normal execution)

VM Mutex/Monitor currently owned by a thread: None

Heap:
 PSYoungGen      total 38400K, used 28004K [0x00000000eab00000, 0x00000000ed580000, 0x0000000100000000)
  eden space 33280K, 84% used [0x00000000eab00000,0x00000000ec659358,0x00000000ecb80000)
  from space 5120K, 0% used [0x00000000ed080000,0x00000000ed080000,0x00000000ed580000)
  to   space 5120K, 0% used [0x00000000ecb80000,0x00000000ecb80000,0x00000000ed080000)
 ParOldGen       total 87552K, used 0K [0x00000000c0000000, 0x00000000c5580000, 0x00000000eab00000)
  object space 87552K, 0% used [0x00000000c0000000,0x00000000c0000000,0x00000000c5580000)
 Metaspace       used 5798K, capacity 6896K, committed 7040K, reserved 1056768K
  class space    used 588K, capacity 616K, committed 640K, reserved 1048576K

Card table byte_map: [0x0000000011920000,0x0000000011b30000] byte_map_base: 0x0000000011320000

Marking Bits: (ParMarkBitMap*) 0x000000006383a5b0
 Begin Bits: [0x0000000012090000, 0x0000000013090000)
 End Bits:   [0x0000000013090000, 0x0000000014090000)

Polling page: 0x0000000000810000

CodeCache: size=245760Kb used=4616Kb max_used=4616Kb free=241143Kb
 bounds [0x0000000002560000, 0x00000000029f0000, 0x0000000011560000]
 total_blobs=1418 nmethods=1155 adapters=176
 compilation: enabled

Compilation events (10 events):
Event: 2.577 Thread 0x0000000016478800 nmethod 1155 0x00000000029e14d0 code [0x00000000029e1680, 0x00000000029e1bf8]
Event: 2.579 Thread 0x0000000016478800 1156       3       com.android.dx.rop.code.BasicBlockList::getInstructionCount (48 bytes)
Event: 2.580 Thread 0x0000000016478800 nmethod 1156 0x00000000029e1e90 code [0x00000000029e2020, 0x00000000029e26b0]
Event: 2.580 Thread 0x0000000016478800 1157       3       com.android.dx.dex.code.RopTranslator$TranslationVisitor::getNextMoveResultPseudo (55 bytes)
Event: 2.581 Thread 0x0000000016478800 nmethod 1157 0x00000000029e2910 code [0x00000000029e2ac0, 0x00000000029e33b8]
Event: 2.581 Thread 0x0000000016478800 1158       3       com.android.dx.rop.code.Rops::opGetField (97 bytes)
Event: 2.582 Thread 0x0000000016478800 nmethod 1158 0x00000000029e3610 code [0x00000000029e3840, 0x00000000029e44b8]
Event: 2.582 Thread 0x0000000016478800 1159       3       com.android.dx.ssa.SsaMethod::onInsnsChanged (16 bytes)
Event: 2.582 Thread 0x0000000016478800 nmethod 1159 0x00000000029e4a50 code [0x00000000029e4ba0, 0x00000000029e4d30]
Event: 2.583 Thread 0x0000000016478800 1160       3       java.util.Vector::<init> (49 bytes)

GC Heap History (0 events):
No events

Deoptimization events (10 events):
Event: 1.564 Thread 0x00000000166b4800 Uncommon trap: reason=unstable_if action=reinterpret pc=0x00000000027b2874 method=java.util.BitSet.ensureCapacity(I)V @ 6
Event: 1.837 Thread 0x000000000225d800 Uncommon trap: reason=class_check action=maybe_recompile pc=0x000000000289a374 method=com.android.dx.ssa.NormalSsaInsn.accept(Lcom/android/dx/ssa/SsaInsn$Visitor;)V @ 9
Event: 1.837 Thread 0x000000000225d800 Uncommon trap: reason=class_check action=maybe_recompile pc=0x000000000286dc04 method=com.android.dx.ssa.NormalSsaInsn.accept(Lcom/android/dx/ssa/SsaInsn$Visitor;)V @ 9
Event: 1.837 Thread 0x000000000225d800 Uncommon trap: reason=class_check action=maybe_recompile pc=0x000000000286dc04 method=com.android.dx.ssa.NormalSsaInsn.accept(Lcom/android/dx/ssa/SsaInsn$Visitor;)V @ 9
Event: 1.837 Thread 0x000000000225d800 Uncommon trap: reason=class_check action=maybe_recompile pc=0x000000000286dc04 method=com.android.dx.ssa.NormalSsaInsn.accept(Lcom/android/dx/ssa/SsaInsn$Visitor;)V @ 9
Event: 1.839 Thread 0x000000000225d800 Uncommon trap: reason=class_check action=maybe_recompile pc=0x000000000289a374 method=com.android.dx.ssa.NormalSsaInsn.accept(Lcom/android/dx/ssa/SsaInsn$Visitor;)V @ 9
Event: 1.863 Thread 0x0000000016601000 Uncommon trap: reason=unstable_if action=reinterpret pc=0x0000000002892200 method=com.android.dx.rop.code.RegisterSpec.equals(ILcom/android/dx/rop/type/TypeBearer;Lcom/android/dx/rop/code/LocalItem;)Z @ 16
Event: 1.868 Thread 0x0000000016601000 Uncommon trap: reason=unstable_if action=reinterpret pc=0x00000000027c18f8 method=java.util.HashMap.getNode(ILjava/lang/Object;)Ljava/util/HashMap$Node; @ 62
Event: 1.931 Thread 0x00000000166bb000 Uncommon trap: reason=unstable_if action=reinterpret pc=0x00000000028af9b8 method=com.android.dx.cf.code.Ropper.labelToResultIndex(I)I @ 34
Event: 1.992 Thread 0x00000000166bb000 Uncommon trap: reason=unstable_if action=reinterpret pc=0x000000000289f860 method=com.android.dx.rop.code.RegisterSpec.equals(ILcom/android/dx/rop/type/TypeBearer;Lcom/android/dx/rop/code/LocalItem;)Z @ 16

Internal exceptions (2 events):
Event: 0.112 Thread 0x000000000225d800 Exception <a 'java/lang/NoSuchMethodError': Method sun.misc.Unsafe.defineClass(Ljava/lang/String;[BII)Ljava/lang/Class; name or signature does not match> (0x00000000eab0d968) thrown at [C:\workspace\8-2-build-windows-amd64-cygwin\jdk8u65\4987\hotspot\src\sÛö»ë£¼?
Event: 0.112 Thread 0x000000000225d800 Exception <a 'java/lang/NoSuchMethodError': Method sun.misc.Unsafe.prefetchRead(Ljava/lang/Object;J)V name or signature does not match> (0x00000000eab0dc50) thrown at [C:\workspace\8-2-build-windows-amd64-cygwin\jdk8u65\4987\hotspot\src\share\vm\prims\jni.

Events (10 events):
Event: 1.931 Thread 0x00000000166bb000 Uncommon trap: trap_request=0xffffff65 fr.pc=0x00000000028af9b8
Event: 1.931 Thread 0x00000000166bb000 DEOPT PACKING pc=0x00000000028af9b8 sp=0x000000001706ec70
Event: 1.931 Thread 0x00000000166bb000 DEOPT UNPACKING pc=0x00000000025a582a sp=0x000000001706ec18 mode 2
Event: 1.991 Thread 0x00000000166bb000 Uncommon trap: trap_request=0xffffff65 fr.pc=0x000000000289f860
Event: 1.992 Thread 0x00000000166bb000 DEOPT PACKING pc=0x000000000289f860 sp=0x000000001706e700
Event: 1.992 Thread 0x00000000166bb000 DEOPT UNPACKING pc=0x00000000025a582a sp=0x000000001706e540 mode 2
Event: 2.083 Thread 0x00000000166b4800 DEOPT PACKING pc=0x000000000290a4c2 sp=0x0000000016e6e870
Event: 2.083 Thread 0x00000000166b4800 DEOPT UNPACKING pc=0x00000000025a787f sp=0x0000000016e6e5e8 mode 0
Event: 2.521 Thread 0x00000000166b5800 DEOPT PACKING pc=0x000000000290a4c2 sp=0x0000000016f6ea80
Event: 2.523 Thread 0x00000000166b5800 DEOPT UNPACKING pc=0x00000000025a787f sp=0x0000000016f6e7e8 mode 0


Dynamic libraries:
0x00007ff72f610000 - 0x00007ff72f647000 	C:\Program Files\Java\jdk1.8.0_65\bin\java.exe
0x00007ffd313b0000 - 0x00007ffd31581000 	C:\WINDOWS\SYSTEM32\ntdll.dll
0x00007ffd2f930000 - 0x00007ffd2f9db000 	C:\WINDOWS\System32\KERNEL32.DLL
0x00007ffd2de30000 - 0x00007ffd2e04d000 	C:\WINDOWS\System32\KERNELBASE.dll
0x00007ffd311c0000 - 0x00007ffd31262000 	C:\WINDOWS\System32\ADVAPI32.dll
0x00007ffd2ecb0000 - 0x00007ffd2ed4e000 	C:\WINDOWS\System32\msvcrt.dll
0x00007ffd2e9b0000 - 0x00007ffd2ea09000 	C:\WINDOWS\System32\sechost.dll
0x00007ffd2f690000 - 0x00007ffd2f7b1000 	C:\WINDOWS\System32\RPCRT4.dll
0x00007ffd2f050000 - 0x00007ffd2f1b5000 	C:\WINDOWS\System32\USER32.dll
0x00007ffd2db40000 - 0x00007ffd2db5e000 	C:\WINDOWS\System32\win32u.dll
0x00007ffd31270000 - 0x00007ffd312a4000 	C:\WINDOWS\System32\GDI32.dll
0x00007ffd2d9b0000 - 0x00007ffd2db32000 	C:\WINDOWS\System32\gdi32full.dll
0x00007ffd21260000 - 0x00007ffd214da000 	C:\WINDOWS\WinSxS\amd64_microsoft.windows.common-controls_6595b64144ccf1df_6.0.14393.953_none_42151e83c686086b\COMCTL32.dll
0x00007ffd2f9e0000 - 0x00007ffd2fca8000 	C:\WINDOWS\System32\combase.dll
0x00007ffd2e730000 - 0x00007ffd2e825000 	C:\WINDOWS\System32\ucrtbase.dll
0x00007ffd2e8d0000 - 0x00007ffd2e93a000 	C:\WINDOWS\System32\bcryptPrimitives.dll
0x00007ffd2f8f0000 - 0x00007ffd2f91e000 	C:\WINDOWS\System32\IMM32.DLL
0x0000000064650000 - 0x0000000064722000 	C:\Program Files\Java\jdk1.8.0_65\jre\bin\msvcr100.dll
0x0000000063030000 - 0x00000000638b9000 	C:\Program Files\Java\jdk1.8.0_65\jre\bin\server\jvm.dll
0x00007ffd2ea10000 - 0x00007ffd2ea18000 	C:\WINDOWS\System32\PSAPI.DLL
0x00007ffd0b010000 - 0x00007ffd0b019000 	C:\WINDOWS\SYSTEM32\WSOCK32.dll
0x00007ffd2f880000 - 0x00007ffd2f8ea000 	C:\WINDOWS\System32\WS2_32.dll
0x00007ffd2b650000 - 0x00007ffd2b673000 	C:\WINDOWS\SYSTEM32\WINMM.dll
0x00007ffd20740000 - 0x00007ffd2074a000 	C:\WINDOWS\SYSTEM32\VERSION.dll
0x00007ffd2b530000 - 0x00007ffd2b55b000 	C:\WINDOWS\SYSTEM32\WINMMBASE.dll
0x00007ffd2dd30000 - 0x00007ffd2dd72000 	C:\WINDOWS\System32\cfgmgr32.dll
0x0000000064da0000 - 0x0000000064daf000 	C:\Program Files\Java\jdk1.8.0_65\jre\bin\verify.dll
0x0000000064620000 - 0x0000000064649000 	C:\Program Files\Java\jdk1.8.0_65\jre\bin\java.dll
0x0000000064600000 - 0x0000000064616000 	C:\Program Files\Java\jdk1.8.0_65\jre\bin\zip.dll
0x00007ffd2fcb0000 - 0x00007ffd311b9000 	C:\WINDOWS\System32\SHELL32.dll
0x00007ffd2e050000 - 0x00007ffd2e72a000 	C:\WINDOWS\System32\windows.storage.dll
0x00007ffd2d850000 - 0x00007ffd2d89c000 	C:\WINDOWS\System32\powrprof.dll
0x00007ffd2f820000 - 0x00007ffd2f872000 	C:\WINDOWS\System32\shlwapi.dll
0x00007ffd2d840000 - 0x00007ffd2d84f000 	C:\WINDOWS\System32\kernel.appcore.dll
0x00007ffd2d900000 - 0x00007ffd2d9a9000 	C:\WINDOWS\System32\shcore.dll
0x00007ffd2d820000 - 0x00007ffd2d834000 	C:\WINDOWS\System32\profapi.dll

VM Arguments:
jvm_args: -Djava.awt.headless=true -Xmx1024M -Dfile.encoding=windows-1252 -Duser.country=US -Duser.language=en -Duser.variant 
java_command: com.android.dx.command.Main --dex --force-jumbo --num-threads=4 --multi-dex --output C:\Users\max\AndroidStudioProjects\YoutubePlayer\app\build\intermediates\transforms\dex\debug\folders\1000\10\com.android.support-support-fragment-24.2.1_409139835867631743a330ccc7cc2298f53b7719 C:\Users\max\AndroidStudioProjects\YoutubePlayer\app\build\intermediates\exploded-aar\com.android.support\support-fragment\24.2.1\jars\classes.jar
java_class_path (initial): C:\Users\max\AppData\Local\Android\sdk\build-tools\24.0.2\lib\dx.jar
Launcher Type: SUN_STANDARD

Environment Variables:
PATH=C:\Program Files (x86)\NVIDIA Corporation\PhysX\Common;C:\ProgramData\Oracle\Java\javapath;c:\Program Files (x86)\Intel\iCLS Client\;c:\Program Files\Intel\iCLS Client\;C:\WINDOWS\system32;C:\WINDOWS;C:\WINDOWS\System32\Wbem;C:\WINDOWS\System32\WindowsPowerShell\v1.0\;C:\Program Files\Intel\Intel(R) Management Engine Components\DAL;C:\Program Files\Intel\Intel(R) Management Engine Components\IPT;C:\Program Files (x86)\Intel\Intel(R) Management Engine Components\DAL;C:\Program Files (x86)\Intel\Intel(R) Management Engine Components\IPT;C:\Program Files\Intel\WiFi\bin\;C:\Program Files\Common Files\Intel\WirelessCommon\;C:\Program Files (x86)\Windows Live\Shared;C:\Program Files (x86)\Skype\Phone\;C:\Program Files (x86)\PharosSystems\Core;C:\Program Files (x86)\GtkSharp\2.12\bin;C:\Program Files (x86)\Windows Kits\8.1\Windows Performance Toolkit\;C:\Program Files\Git\cmd;C:\Users\max\AppData\Local\Microsoft\WindowsApps;C:\Program Files\Intel\WiFi\bin\;C:\Program Files\Common Files\Intel\WirelessCommon\
USERNAME=max
OS=Windows_NT
PROCESSOR_IDENTIFIER=Intel64 Family 6 Model 69 Stepping 1, GenuineIntel



---------------  S Y S T E M  ---------------

OS: Windows 10.0 , 64 bit Build 14393 (10.0.14393.0)

CPU:total 4 (2 cores per cpu, 2 threads per core) family 6 model 69 stepping 1, cmov, cx8, fxsr, mmx, sse, sse2, sse3, ssse3, sse4.1, sse4.2, popcnt, avx, avx2, aes, clmul, erms, lzcnt, ht, tsc, tscinvbit, bmi1, bmi2

Memory: 4k page, physical 8291712k(1208900k free), swap 11218744k(5316k free)

vm_info: Java HotSpot(TM) 64-Bit Server VM (25.65-b01) for windows-amd64 JRE (1.8.0_65-b17), built on Oct  6 2015 16:39:20 by "java_re" with MS VC++ 10.0 (VS2010)

time: Wed Mar 22 00:39:30 2017
elapsed time: 2 seconds (0d 0h 0m 2s)

