#
# There is insufficient memory for the Java Runtime Environment to continue.
# Native memory allocation (malloc) failed to allocate 51696 bytes for Chunk::new
# Possible reasons:
#   The system is out of physical RAM or swap space
#   In 32 bit mode, the process size limit was hit
# Possible solutions:
#   Reduce memory load on the system
#   Increase physical memory or swap space
#   Check if swap backing store is full
#   Use 64 bit Java on a 64 bit OS
#   Decrease Java heap size (-Xmx/-Xms)
#   Decrease number of Java threads
#   Decrease Java thread stack sizes (-Xss)
#   Set larger code cache with -XX:ReservedCodeCacheSize=
# This output file may be truncated or incomplete.
#
#  Out of Memory Error (allocation.cpp:390), pid=10244, tid=12500
#
# JRE version: Java(TM) SE Runtime Environment (8.0_65-b17) (build 1.8.0_65-b17)
# Java VM: Java HotSpot(TM) 64-Bit Server VM (25.65-b01 mixed mode windows-amd64 compressed oops)
# Failed to write core dump. Minidumps are not enabled by default on client versions of Windows
#

---------------  T H R E A D  ---------------

Current thread (0x0000000014bba000):  JavaThread "C2 CompilerThread0" daemon [_thread_in_native, id=12500, stack(0x0000000016220000,0x0000000016320000)]

Stack: [0x0000000016220000,0x0000000016320000]
[error occurred during error reporting (printing stack bounds), id 0xc0000005]

Native frames: (J=compiled Java code, j=interpreted, Vv=VM code, C=native code)


Current CompileTask:
C2:   1965  224       4       java.lang.String::replace (127 bytes)


---------------  P R O C E S S  ---------------

Java Threads: ( => current thread )
  0x0000000016758000 JavaThread "pool-2-thread-4" [_thread_blocked, id=11936, stack(0x0000000016f20000,0x0000000017020000)]
  0x00000000166a5800 JavaThread "pool-2-thread-3" [_thread_blocked, id=9436, stack(0x0000000016e20000,0x0000000016f20000)]
  0x00000000166b7000 JavaThread "pool-2-thread-2" [_thread_blocked, id=4524, stack(0x0000000016d20000,0x0000000016e20000)]
  0x00000000166b4000 JavaThread "pool-3-thread-1" [_thread_blocked, id=8732, stack(0x0000000016c20000,0x0000000016d20000)]
  0x00000000166b3800 JavaThread "pool-2-thread-1" [_thread_blocked, id=11524, stack(0x0000000016b20000,0x0000000016c20000)]
  0x0000000016526000 JavaThread "Service Thread" daemon [_thread_blocked, id=7788, stack(0x0000000016920000,0x0000000016a20000)]
  0x0000000014c1d000 JavaThread "C1 CompilerThread2" daemon [_thread_blocked, id=15180, stack(0x0000000016420000,0x0000000016520000)]
  0x0000000014c0f000 JavaThread "C2 CompilerThread1" daemon [_thread_blocked, id=8000, stack(0x0000000016320000,0x0000000016420000)]
=>0x0000000014bba000 JavaThread "C2 CompilerThread0" daemon [_thread_in_native, id=12500, stack(0x0000000016220000,0x0000000016320000)]
  0x0000000014bb8000 JavaThread "Attach Listener" daemon [_thread_blocked, id=9544, stack(0x0000000016120000,0x0000000016220000)]
  0x0000000014bb6800 JavaThread "Signal Dispatcher" daemon [_thread_blocked, id=13724, stack(0x0000000016020000,0x0000000016120000)]
  0x00000000024e1000 JavaThread "Finalizer" daemon [_thread_blocked, id=14384, stack(0x0000000015e30000,0x0000000015f30000)]
  0x00000000024de800 JavaThread "Reference Handler" daemon [_thread_blocked, id=7296, stack(0x0000000015d30000,0x0000000015e30000)]
  0x00000000021ed800 JavaThread "main" [_thread_blocked, id=11544, stack(0x00000000022f0000,0x00000000023f0000)]

Other Threads:
  0x0000000014b87800 VMThread [stack: 0x0000000015c30000,0x0000000015d30000] [id=5684]
  0x000000001652a800 WatcherThread [stack: 0x0000000016a20000,0x0000000016b20000] [id=4616]

VM state:not at safepoint (normal execution)

VM Mutex/Monitor currently owned by a thread: None

Heap:
 PSYoungGen      total 38400K, used 8008K [0x00000000eab00000, 0x00000000ed580000, 0x0000000100000000)
  eden space 33280K, 24% used [0x00000000eab00000,0x00000000eb2d21b8,0x00000000ecb80000)
  from space 5120K, 0% used [0x00000000ed080000,0x00000000ed080000,0x00000000ed580000)
  to   space 5120K, 0% used [0x00000000ecb80000,0x00000000ecb80000,0x00000000ed080000)
 ParOldGen       total 87552K, used 0K [0x00000000c0000000, 0x00000000c5580000, 0x00000000eab00000)
  object space 87552K, 0% used [0x00000000c0000000,0x00000000c0000000,0x00000000c5580000)
 Metaspace       used 4351K, capacity 5584K, committed 5760K, reserved 1056768K
  class space    used 486K, capacity 520K, committed 640K, reserved 1048576K

Card table byte_map: [0x00000000118b0000,0x0000000011ac0000] byte_map_base: 0x00000000112b0000

Marking Bits: (ParMarkBitMap*) 0x000000006383a5b0
 Begin Bits: [0x0000000012020000, 0x0000000013020000)
 End Bits:   [0x0000000013020000, 0x0000000014020000)

Polling page: 0x00000000009d0000

CodeCache: size=245760Kb used=1546Kb max_used=1546Kb free=244213Kb
 bounds [0x00000000024f0000, 0x0000000002760000, 0x00000000114f0000]
 total_blobs=480 nmethods=224 adapters=169
 compilation: enabled

Compilation events (10 events):
Event: 1.925 Thread 0x0000000014c1d000 nmethod 219 0x000000000266f050 code [0x000000000266f1c0, 0x000000000266f550]
Event: 1.935 Thread 0x0000000014c1d000  221   !   3       java.net.URLClassLoader$1::run (63 bytes)
Event: 1.936 Thread 0x0000000014c1d000 nmethod 221 0x000000000266fc90 code [0x000000000266fe60, 0x0000000002670368]
Event: 1.936 Thread 0x0000000014c1d000  222  s    3       sun.misc.URLClassPath::getLookupCache (98 bytes)
Event: 1.936 Thread 0x0000000014c1d000 nmethod 222 0x0000000002670650 code [0x00000000026707e0, 0x0000000002670d58]
Event: 1.945 Thread 0x0000000014c1d000  223   !   3       java.lang.ClassLoader::getPackage (118 bytes)
Event: 1.946 Thread 0x0000000014c1d000 nmethod 223 0x0000000002670ed0 code [0x00000000026710a0, 0x0000000002671ba8]
Event: 1.954 Thread 0x0000000014bba000  224       4       java.lang.String::replace (127 bytes)
Event: 1.959 Thread 0x0000000014c1d000  225       3       java.util.BitSet::get (69 bytes)
Event: 1.960 Thread 0x0000000014c1d000 nmethod 225 0x0000000002672190 code [0x00000000026723a0, 0x0000000002672d68]

GC Heap History (0 events):
No events

Deoptimization events (0 events):
No events

Internal exceptions (2 events):
Event: 0.174 Thread 0x00000000021ed800 Exception <a 'java/lang/NoSuchMethodError': Method sun.misc.Unsafe.defineClass(Ljava/lang/String;[BII)Ljava/lang/Class; name or signature does not match> (0x00000000eab0d960) thrown at [C:\workspace\8-2-build-windows-amd64-cygwin\jdk8u65\4987\hotspot\src\sj „7T∆?
Event: 0.174 Thread 0x00000000021ed800 Exception <a 'java/lang/NoSuchMethodError': Method sun.misc.Unsafe.prefetchRead(Ljava/lang/Object;J)V name or signature does not match> (0x00000000eab0dc48) thrown at [C:\workspace\8-2-build-windows-amd64-cygwin\jdk8u65\4987\hotspot\src\share\vm\prims\jni.

Events (10 events):
Event: 1.951 loading class com/android/dx/rop/code/LocalItem
Event: 1.951 loading class com/android/dx/rop/code/LocalItem done
Event: 1.951 loading class com/android/dx/rop/code/RegisterSpec
Event: 1.951 loading class com/android/dx/rop/code/RegisterSpec done
Event: 1.953 loading class com/android/dx/rop/code/RegisterSpec$ForComparison
Event: 1.953 loading class com/android/dx/rop/code/RegisterSpec$ForComparison done
Event: 1.954 loading class com/android/dx/rop/code/Rops
Event: 1.954 loading class com/android/dx/rop/code/Rops done
Event: 1.959 loading class com/android/dx/rop/code/Rop
Event: 1.959 loading class com/android/dx/rop/code/Rop done


Dynamic libraries:
0x00007ff72f610000 - 0x00007ff72f647000 	C:\Program Files\Java\jdk1.8.0_65\bin\java.exe
0x00007ffd313b0000 - 0x00007ffd31581000 	C:\WINDOWS\SYSTEM32\ntdll.dll
0x00007ffd2f930000 - 0x00007ffd2f9db000 	C:\WINDOWS\System32\KERNEL32.DLL
0x00007ffd2de30000 - 0x00007ffd2e04d000 	C:\WINDOWS\System32\KERNELBASE.dll
0x00007ffd311c0000 - 0x00007ffd31262000 	C:\WINDOWS\System32\ADVAPI32.dll
0x00007ffd2ecb0000 - 0x00007ffd2ed4e000 	C:\WINDOWS\System32\msvcrt.dll
0x00007ffd2e9b0000 - 0x00007ffd2ea09000 	C:\WINDOWS\System32\sechost.dll
0x00007ffd2f690000 - 0x00007ffd2f7b1000 	C:\WINDOWS\System32\RPCRT4.dll
0x00007ffd2f050000 - 0x00007ffd2f1b5000 	C:\WINDOWS\System32\USER32.dll
0x00007ffd2db40000 - 0x00007ffd2db5e000 	C:\WINDOWS\System32\win32u.dll
0x00007ffd31270000 - 0x00007ffd312a4000 	C:\WINDOWS\System32\GDI32.dll
0x00007ffd2d9b0000 - 0x00007ffd2db32000 	C:\WINDOWS\System32\gdi32full.dll
0x00007ffd21260000 - 0x00007ffd214da000 	C:\WINDOWS\WinSxS\amd64_microsoft.windows.common-controls_6595b64144ccf1df_6.0.14393.953_none_42151e83c686086b\COMCTL32.dll
0x00007ffd2f9e0000 - 0x00007ffd2fca8000 	C:\WINDOWS\System32\combase.dll
0x00007ffd2e730000 - 0x00007ffd2e825000 	C:\WINDOWS\System32\ucrtbase.dll
0x00007ffd2e8d0000 - 0x00007ffd2e93a000 	C:\WINDOWS\System32\bcryptPrimitives.dll
0x00007ffd2f8f0000 - 0x00007ffd2f91e000 	C:\WINDOWS\System32\IMM32.DLL
0x0000000064650000 - 0x0000000064722000 	C:\Program Files\Java\jdk1.8.0_65\jre\bin\msvcr100.dll
0x0000000063030000 - 0x00000000638b9000 	C:\Program Files\Java\jdk1.8.0_65\jre\bin\server\jvm.dll
0x00007ffd2ea10000 - 0x00007ffd2ea18000 	C:\WINDOWS\System32\PSAPI.DLL
0x00007ffd0b010000 - 0x00007ffd0b019000 	C:\WINDOWS\SYSTEM32\WSOCK32.dll
0x00007ffd2f880000 - 0x00007ffd2f8ea000 	C:\WINDOWS\System32\WS2_32.dll
0x00007ffd2b650000 - 0x00007ffd2b673000 	C:\WINDOWS\SYSTEM32\WINMM.dll
0x00007ffd20740000 - 0x00007ffd2074a000 	C:\WINDOWS\SYSTEM32\VERSION.dll
0x00007ffd2b530000 - 0x00007ffd2b55b000 	C:\WINDOWS\SYSTEM32\WINMMBASE.dll
0x00007ffd2dd30000 - 0x00007ffd2dd72000 	C:\WINDOWS\System32\cfgmgr32.dll
0x0000000064da0000 - 0x0000000064daf000 	C:\Program Files\Java\jdk1.8.0_65\jre\bin\verify.dll
0x0000000064620000 - 0x0000000064649000 	C:\Program Files\Java\jdk1.8.0_65\jre\bin\java.dll
0x0000000064600000 - 0x0000000064616000 	C:\Program Files\Java\jdk1.8.0_65\jre\bin\zip.dll
0x00007ffd2fcb0000 - 0x00007ffd311b9000 	C:\WINDOWS\System32\SHELL32.dll
0x00007ffd2e050000 - 0x00007ffd2e72a000 	C:\WINDOWS\System32\windows.storage.dll
0x00007ffd2d850000 - 0x00007ffd2d89c000 	C:\WINDOWS\System32\powrprof.dll
0x00007ffd2f820000 - 0x00007ffd2f872000 	C:\WINDOWS\System32\shlwapi.dll
0x00007ffd2d840000 - 0x00007ffd2d84f000 	C:\WINDOWS\System32\kernel.appcore.dll
0x00007ffd2d900000 - 0x00007ffd2d9a9000 	C:\WINDOWS\System32\shcore.dll
0x00007ffd2d820000 - 0x00007ffd2d834000 	C:\WINDOWS\System32\profapi.dll

VM Arguments:
jvm_args: -Djava.awt.headless=true -Xmx1024M -Dfile.encoding=windows-1252 -Duser.country=US -Duser.language=en -Duser.variant 
java_command: com.android.dx.command.Main --dex --force-jumbo --num-threads=4 --multi-dex --output C:\Users\max\AndroidStudioProjects\YoutubePlayer\app\build\intermediates\transforms\dex\debug\folders\1000\10\internal_impl-24.2.1_56a2d20448d55da47ce04ab4c7b7e61066d49c8d C:\Users\max\AndroidStudioProjects\YoutubePlayer\app\build\intermediates\exploded-aar\com.android.support\support-fragment\24.2.1\jars\libs\internal_impl-24.2.1.jar
java_class_path (initial): C:\Users\max\AppData\Local\Android\sdk\build-tools\24.0.2\lib\dx.jar
Launcher Type: SUN_STANDARD

Environment Variables:
PATH=C:\Program Files (x86)\NVIDIA Corporation\PhysX\Common;C:\ProgramData\Oracle\Java\javapath;c:\Program Files (x86)\Intel\iCLS Client\;c:\Program Files\Intel\iCLS Client\;C:\WINDOWS\system32;C:\WINDOWS;C:\WINDOWS\System32\Wbem;C:\WINDOWS\System32\WindowsPowerShell\v1.0\;C:\Program Files\Intel\Intel(R) Management Engine Components\DAL;C:\Program Files\Intel\Intel(R) Management Engine Components\IPT;C:\Program Files (x86)\Intel\Intel(R) Management Engine Components\DAL;C:\Program Files (x86)\Intel\Intel(R) Management Engine Components\IPT;C:\Program Files\Intel\WiFi\bin\;C:\Program Files\Common Files\Intel\WirelessCommon\;C:\Program Files (x86)\Windows Live\Shared;C:\Program Files (x86)\Skype\Phone\;C:\Program Files (x86)\PharosSystems\Core;C:\Program Files (x86)\GtkSharp\2.12\bin;C:\Program Files (x86)\Windows Kits\8.1\Windows Performance Toolkit\;C:\Program Files\Git\cmd;C:\Users\max\AppData\Local\Microsoft\WindowsApps;C:\Program Files\Intel\WiFi\bin\;C:\Program Files\Common Files\Intel\WirelessCommon\
USERNAME=max
OS=Windows_NT
PROCESSOR_IDENTIFIER=Intel64 Family 6 Model 69 Stepping 1, GenuineIntel



---------------  S Y S T E M  ---------------

OS: Windows 10.0 , 64 bit Build 14393 (10.0.14393.0)

CPU:total 4 (2 cores per cpu, 2 threads per core) family 6 model 69 stepping 1, cmov, cx8, fxsr, mmx, sse, sse2, sse3, ssse3, sse4.1, sse4.2, popcnt, avx, avx2, aes, clmul, erms, lzcnt, ht, tsc, tscinvbit, bmi1, bmi2

Memory: 4k page, physical 8291712k(1139268k free), swap 11218744k(5136k free)

vm_info: Java HotSpot(TM) 64-Bit Server VM (25.65-b01) for windows-amd64 JRE (1.8.0_65-b17), built on Oct  6 2015 16:39:20 by "java_re" with MS VC++ 10.0 (VS2010)

time: Wed Mar 22 00:39:32 2017
elapsed time: 1 seconds (0d 0h 0m 1s)

