#
# There is insufficient memory for the Java Runtime Environment to continue.
# Native memory allocation (malloc) failed to allocate 533776 bytes for Chunk::new
# Possible reasons:
#   The system is out of physical RAM or swap space
#   In 32 bit mode, the process size limit was hit
# Possible solutions:
#   Reduce memory load on the system
#   Increase physical memory or swap space
#   Check if swap backing store is full
#   Use 64 bit Java on a 64 bit OS
#   Decrease Java heap size (-Xmx/-Xms)
#   Decrease number of Java threads
#   Decrease Java thread stack sizes (-Xss)
#   Set larger code cache with -XX:ReservedCodeCacheSize=
# This output file may be truncated or incomplete.
#
#  Out of Memory Error (allocation.cpp:390), pid=2384, tid=12960
#
# JRE version: Java(TM) SE Runtime Environment (8.0_65-b17) (build 1.8.0_65-b17)
# Java VM: Java HotSpot(TM) 64-Bit Server VM (25.65-b01 mixed mode windows-amd64 compressed oops)
# Failed to write core dump. Minidumps are not enabled by default on client versions of Windows
#

---------------  T H R E A D  ---------------

Current thread (0x0000000014d09800):  JavaThread "C2 CompilerThread0" daemon [_thread_in_native, id=12960, stack(0x0000000016450000,0x0000000016550000)]

Stack: [0x0000000016450000,0x0000000016550000]
[error occurred during error reporting (printing stack bounds), id 0xc0000005]

Native frames: (J=compiled Java code, j=interpreted, Vv=VM code, C=native code)


Current CompileTask:
C2:   2629 1088   !   4       com.android.dx.cf.cst.ConstantPoolParser::parse0 (731 bytes)


---------------  P R O C E S S  ---------------

Java Threads: ( => current thread )
  0x00000000169bc000 JavaThread "pool-2-thread-4" [_thread_in_vm, id=6104, stack(0x0000000017150000,0x0000000017250000)]
  0x00000000169bb000 JavaThread "pool-2-thread-3" [_thread_in_Java, id=6384, stack(0x0000000017050000,0x0000000017150000)]
  0x00000000169ba800 JavaThread "pool-2-thread-2" [_thread_in_Java, id=10572, stack(0x0000000016f50000,0x0000000017050000)]
  0x00000000169ad800 JavaThread "pool-3-thread-1" [_thread_blocked, id=12996, stack(0x0000000016e50000,0x0000000016f50000)]
  0x00000000169ac800 JavaThread "pool-2-thread-1" [_thread_blocked, id=532, stack(0x0000000016d50000,0x0000000016e50000)]
  0x0000000016755800 JavaThread "Service Thread" daemon [_thread_blocked, id=2920, stack(0x0000000016b50000,0x0000000016c50000)]
  0x0000000014d6c800 JavaThread "C1 CompilerThread2" daemon [_thread_in_native, id=14864, stack(0x0000000016650000,0x0000000016750000)]
  0x0000000014d10800 JavaThread "C2 CompilerThread1" daemon [_thread_in_native, id=6536, stack(0x0000000016550000,0x0000000016650000)]
=>0x0000000014d09800 JavaThread "C2 CompilerThread0" daemon [_thread_in_native, id=12960, stack(0x0000000016450000,0x0000000016550000)]
  0x0000000014d08000 JavaThread "Attach Listener" daemon [_thread_blocked, id=5744, stack(0x0000000016350000,0x0000000016450000)]
  0x0000000014d06800 JavaThread "Signal Dispatcher" daemon [_thread_blocked, id=13064, stack(0x0000000016250000,0x0000000016350000)]
  0x0000000002630800 JavaThread "Finalizer" daemon [_thread_blocked, id=4036, stack(0x0000000015f60000,0x0000000016060000)]
  0x000000000262d800 JavaThread "Reference Handler" daemon [_thread_blocked, id=9108, stack(0x0000000015e60000,0x0000000015f60000)]
  0x00000000024ed800 JavaThread "main" [_thread_in_Java, id=8384, stack(0x00000000023a0000,0x00000000024a0000)]

Other Threads:
  0x0000000014cd8800 VMThread [stack: 0x0000000015d60000,0x0000000015e60000] [id=9572]
  0x0000000016772800 WatcherThread [stack: 0x0000000016c50000,0x0000000016d50000] [id=15200]

VM state:not at safepoint (normal execution)

VM Mutex/Monitor currently owned by a thread: None

Heap:
 PSYoungGen      total 38400K, used 30215K [0x00000000eab00000, 0x00000000ed580000, 0x0000000100000000)
  eden space 33280K, 90% used [0x00000000eab00000,0x00000000ec881d30,0x00000000ecb80000)
  from space 5120K, 0% used [0x00000000ed080000,0x00000000ed080000,0x00000000ed580000)
  to   space 5120K, 0% used [0x00000000ecb80000,0x00000000ecb80000,0x00000000ed080000)
 ParOldGen       total 87552K, used 0K [0x00000000c0000000, 0x00000000c5580000, 0x00000000eab00000)
  object space 87552K, 0% used [0x00000000c0000000,0x00000000c0000000,0x00000000c5580000)
 Metaspace       used 5809K, capacity 6896K, committed 7040K, reserved 1056768K
  class space    used 586K, capacity 616K, committed 640K, reserved 1048576K

Card table byte_map: [0x0000000011a00000,0x0000000011c10000] byte_map_base: 0x0000000011400000

Marking Bits: (ParMarkBitMap*) 0x000000006383a5b0
 Begin Bits: [0x0000000012170000, 0x0000000013170000)
 End Bits:   [0x0000000013170000, 0x0000000014170000)

Polling page: 0x0000000000b90000

CodeCache: size=245760Kb used=4463Kb max_used=4463Kb free=241296Kb
 bounds [0x0000000002640000, 0x0000000002ab0000, 0x0000000011640000]
 total_blobs=1379 nmethods=1115 adapters=176
 compilation: enabled

Compilation events (10 events):
Event: 2.624 Thread 0x0000000014d6c800 nmethod 1115 0x0000000002a95910 code [0x0000000002a95b60, 0x0000000002a96d88]
Event: 2.624 Thread 0x0000000014d6c800 1113       3       com.android.dx.rop.code.PlainCstInsn::<init> (30 bytes)
Event: 2.624 Thread 0x0000000014d6c800 nmethod 1113 0x0000000002a974d0 code [0x0000000002a97680, 0x0000000002a97b48]
Event: 2.624 Thread 0x0000000014d6c800 1116       3       com.android.dx.rop.code.RegisterSpecList::getType (12 bytes)
Event: 2.624 Thread 0x0000000014d6c800 nmethod 1116 0x0000000002a97d90 code [0x0000000002a97f20, 0x0000000002a98578]
Event: 2.624 Thread 0x0000000014d6c800 1117       3       com.android.dx.ssa.LocalVariableExtractor::doit (59 bytes)
Event: 2.625 Thread 0x0000000014d6c800 nmethod 1117 0x0000000002a98750 code [0x0000000002a98900, 0x0000000002a98e48]
Event: 2.625 Thread 0x0000000014d6c800 1118       3       com.android.dx.ssa.DomFront::buildDomTree (72 bytes)
Event: 2.626 Thread 0x0000000014d6c800 nmethod 1118 0x0000000002a99050 code [0x0000000002a992c0, 0x0000000002a9a148]
Event: 2.626 Thread 0x0000000014d6c800 1119       3       com.android.dx.ssa.DomFront::calcDomFronts (154 bytes)

GC Heap History (0 events):
No events

Deoptimization events (2 events):
Event: 1.674 Thread 0x00000000169ac800 Uncommon trap: reason=unstable_if action=reinterpret pc=0x0000000002846f10 method=java.util.HashMap.getNode(ILjava/lang/Object;)Ljava/util/HashMap$Node; @ 62
Event: 2.033 Thread 0x00000000169bb000 Uncommon trap: reason=unstable_if action=reinterpret pc=0x00000000028ae168 method=java.util.HashMap.getNode(ILjava/lang/Object;)Ljava/util/HashMap$Node; @ 129

Internal exceptions (2 events):
Event: 0.094 Thread 0x00000000024ed800 Exception <a 'java/lang/NoSuchMethodError': Method sun.misc.Unsafe.defineClass(Ljava/lang/String;[BII)Ljava/lang/Class; name or signature does not match> (0x00000000eab0d978) thrown at [C:\workspace\8-2-build-windows-amd64-cygwin\jdk8u65\4987\hotspot\src\sñò‡Ç¸?
Event: 0.094 Thread 0x00000000024ed800 Exception <a 'java/lang/NoSuchMethodError': Method sun.misc.Unsafe.prefetchRead(Ljava/lang/Object;J)V name or signature does not match> (0x00000000eab0dc60) thrown at [C:\workspace\8-2-build-windows-amd64-cygwin\jdk8u65\4987\hotspot\src\share\vm\prims\jni.

Events (10 events):
Event: 2.040 Executing VM operation: ForceSafepoint
Event: 2.152 Executing VM operation: ForceSafepoint done
Event: 2.159 loading class java/util/HashMap$Values
Event: 2.159 loading class java/util/HashMap$Values done
Event: 2.160 loading class java/util/HashMap$ValueIterator
Event: 2.160 loading class java/util/HashMap$ValueIterator done
Event: 2.181 loading class com/android/dx/cf/attrib/AttRuntimeVisibleAnnotations
Event: 2.181 loading class com/android/dx/cf/attrib/AttRuntimeVisibleAnnotations done
Event: 2.221 loading class com/android/dx/cf/attrib/AttExceptions
Event: 2.221 loading class com/android/dx/cf/attrib/AttExceptions done


Dynamic libraries:
0x00007ff72f610000 - 0x00007ff72f647000 	C:\Program Files\Java\jdk1.8.0_65\bin\java.exe
0x00007ffd313b0000 - 0x00007ffd31581000 	C:\WINDOWS\SYSTEM32\ntdll.dll
0x00007ffd2f930000 - 0x00007ffd2f9db000 	C:\WINDOWS\System32\KERNEL32.DLL
0x00007ffd2de30000 - 0x00007ffd2e04d000 	C:\WINDOWS\System32\KERNELBASE.dll
0x00007ffd311c0000 - 0x00007ffd31262000 	C:\WINDOWS\System32\ADVAPI32.dll
0x00007ffd2ecb0000 - 0x00007ffd2ed4e000 	C:\WINDOWS\System32\msvcrt.dll
0x00007ffd2e9b0000 - 0x00007ffd2ea09000 	C:\WINDOWS\System32\sechost.dll
0x00007ffd2f690000 - 0x00007ffd2f7b1000 	C:\WINDOWS\System32\RPCRT4.dll
0x00007ffd2f050000 - 0x00007ffd2f1b5000 	C:\WINDOWS\System32\USER32.dll
0x00007ffd2db40000 - 0x00007ffd2db5e000 	C:\WINDOWS\System32\win32u.dll
0x00007ffd31270000 - 0x00007ffd312a4000 	C:\WINDOWS\System32\GDI32.dll
0x00007ffd2d9b0000 - 0x00007ffd2db32000 	C:\WINDOWS\System32\gdi32full.dll
0x00007ffd21260000 - 0x00007ffd214da000 	C:\WINDOWS\WinSxS\amd64_microsoft.windows.common-controls_6595b64144ccf1df_6.0.14393.953_none_42151e83c686086b\COMCTL32.dll
0x00007ffd2f9e0000 - 0x00007ffd2fca8000 	C:\WINDOWS\System32\combase.dll
0x00007ffd2e730000 - 0x00007ffd2e825000 	C:\WINDOWS\System32\ucrtbase.dll
0x00007ffd2e8d0000 - 0x00007ffd2e93a000 	C:\WINDOWS\System32\bcryptPrimitives.dll
0x00007ffd2f8f0000 - 0x00007ffd2f91e000 	C:\WINDOWS\System32\IMM32.DLL
0x0000000064650000 - 0x0000000064722000 	C:\Program Files\Java\jdk1.8.0_65\jre\bin\msvcr100.dll
0x0000000063030000 - 0x00000000638b9000 	C:\Program Files\Java\jdk1.8.0_65\jre\bin\server\jvm.dll
0x00007ffd2ea10000 - 0x00007ffd2ea18000 	C:\WINDOWS\System32\PSAPI.DLL
0x00007ffd0b010000 - 0x00007ffd0b019000 	C:\WINDOWS\SYSTEM32\WSOCK32.dll
0x00007ffd2b650000 - 0x00007ffd2b673000 	C:\WINDOWS\SYSTEM32\WINMM.dll
0x00007ffd2f880000 - 0x00007ffd2f8ea000 	C:\WINDOWS\System32\WS2_32.dll
0x00007ffd20740000 - 0x00007ffd2074a000 	C:\WINDOWS\SYSTEM32\VERSION.dll
0x00007ffd2b530000 - 0x00007ffd2b55b000 	C:\WINDOWS\SYSTEM32\WINMMBASE.dll
0x00007ffd2dd30000 - 0x00007ffd2dd72000 	C:\WINDOWS\System32\cfgmgr32.dll
0x0000000064da0000 - 0x0000000064daf000 	C:\Program Files\Java\jdk1.8.0_65\jre\bin\verify.dll
0x0000000064620000 - 0x0000000064649000 	C:\Program Files\Java\jdk1.8.0_65\jre\bin\java.dll
0x0000000064600000 - 0x0000000064616000 	C:\Program Files\Java\jdk1.8.0_65\jre\bin\zip.dll
0x00007ffd2fcb0000 - 0x00007ffd311b9000 	C:\WINDOWS\System32\SHELL32.dll
0x00007ffd2e050000 - 0x00007ffd2e72a000 	C:\WINDOWS\System32\windows.storage.dll
0x00007ffd2d850000 - 0x00007ffd2d89c000 	C:\WINDOWS\System32\powrprof.dll
0x00007ffd2f820000 - 0x00007ffd2f872000 	C:\WINDOWS\System32\shlwapi.dll
0x00007ffd2d840000 - 0x00007ffd2d84f000 	C:\WINDOWS\System32\kernel.appcore.dll
0x00007ffd2d900000 - 0x00007ffd2d9a9000 	C:\WINDOWS\System32\shcore.dll
0x00007ffd2d820000 - 0x00007ffd2d834000 	C:\WINDOWS\System32\profapi.dll

VM Arguments:
jvm_args: -Djava.awt.headless=true -Xmx1024M -Dfile.encoding=windows-1252 -Duser.country=US -Duser.language=en -Duser.variant 
java_command: com.android.dx.command.Main --dex --force-jumbo --num-threads=4 --multi-dex --output C:\Users\max\AndroidStudioProjects\YoutubePlayer\app\build\intermediates\transforms\dex\debug\folders\1000\10\com.android.support-support-media-compat-24.2.1_32604b587fcf69aabda12237a71445e600bce712 C:\Users\max\AndroidStudioProjects\YoutubePlayer\app\build\intermediates\exploded-aar\com.android.support\support-media-compat\24.2.1\jars\classes.jar
java_class_path (initial): C:\Users\max\AppData\Local\Android\sdk\build-tools\24.0.2\lib\dx.jar
Launcher Type: SUN_STANDARD

Environment Variables:
PATH=C:\Program Files (x86)\NVIDIA Corporation\PhysX\Common;C:\ProgramData\Oracle\Java\javapath;c:\Program Files (x86)\Intel\iCLS Client\;c:\Program Files\Intel\iCLS Client\;C:\WINDOWS\system32;C:\WINDOWS;C:\WINDOWS\System32\Wbem;C:\WINDOWS\System32\WindowsPowerShell\v1.0\;C:\Program Files\Intel\Intel(R) Management Engine Components\DAL;C:\Program Files\Intel\Intel(R) Management Engine Components\IPT;C:\Program Files (x86)\Intel\Intel(R) Management Engine Components\DAL;C:\Program Files (x86)\Intel\Intel(R) Management Engine Components\IPT;C:\Program Files\Intel\WiFi\bin\;C:\Program Files\Common Files\Intel\WirelessCommon\;C:\Program Files (x86)\Windows Live\Shared;C:\Program Files (x86)\Skype\Phone\;C:\Program Files (x86)\PharosSystems\Core;C:\Program Files (x86)\GtkSharp\2.12\bin;C:\Program Files (x86)\Windows Kits\8.1\Windows Performance Toolkit\;C:\Program Files\Git\cmd;C:\Users\max\AppData\Local\Microsoft\WindowsApps;C:\Program Files\Intel\WiFi\bin\;C:\Program Files\Common Files\Intel\WirelessCommon\
USERNAME=max
OS=Windows_NT
PROCESSOR_IDENTIFIER=Intel64 Family 6 Model 69 Stepping 1, GenuineIntel



---------------  S Y S T E M  ---------------

OS: Windows 10.0 , 64 bit Build 14393 (10.0.14393.0)

CPU:total 4 (2 cores per cpu, 2 threads per core) family 6 model 69 stepping 1, cmov, cx8, fxsr, mmx, sse, sse2, sse3, ssse3, sse4.1, sse4.2, popcnt, avx, avx2, aes, clmul, erms, lzcnt, ht, tsc, tscinvbit, bmi1, bmi2

Memory: 4k page, physical 8291712k(1201576k free), swap 11218744k(2000k free)

vm_info: Java HotSpot(TM) 64-Bit Server VM (25.65-b01) for windows-amd64 JRE (1.8.0_65-b17), built on Oct  6 2015 16:39:20 by "java_re" with MS VC++ 10.0 (VS2010)

time: Wed Mar 22 00:39:30 2017
elapsed time: 2 seconds (0d 0h 0m 2s)

